((0 (IF (AND (EQUALS (VAR "*") 4)
             (EQUALS (VAR "*.2") 0)
             (EQUALS (VAR "*.2.0") 1)
             (EQUALS (VAR "*.0") 1)
             (EQUALS (VAR "*.0.1") 1)
             (EQUALS (VAR "*.0.0") 10))
      (DECISION _ "matched attribute annul_delay of bn(target, annul) with annul at *.1")
      ((ELSEIF (AND (EQUALS (VAR "*") 4)
                    (EQUALS (VAR "*.2") 43)
                    (EQUALS (VAR "*.2.0") 4)
                    (EQUALS (VAR "*.2.0.1") 4)
                    (EQUALS (VAR "*.2.0.1.1.1") 0)
                    (EQUALS (VAR "*.2.0.1.1.1.0") 3)
                    (EQUALS (VAR "*.2.0.1.1.0") 14)
                    (EQUALS (VAR "*.2.0.1.0") 1)
                    (EQUALS (VAR "*.2.0.1.0.1") 4)
                    (EQUALS (VAR "*.2.0.1.0.0") 2)
                    (EQUALS (VAR "*.2.0.0") 1)
                    (EQUALS (VAR "*.2.0.0.0") 41)
                    (EQUALS (VAR "*.1") 4)
                    (EQUALS (VAR "*.1.2") 0)
                    (EQUALS (VAR "*.1.2.0") 1)
                    (EQUALS (VAR "*.1.0") 1)
                    (EQUALS (VAR "*.1.0.1") 1)
                    (EQUALS (VAR "*.1.0.0") 10)
                    (EQUALS (VAR "*.0") 1)
                    (EQUALS (VAR "*.0.0") 42))
         (DECISION _ "matched attribute annul_delay of bvs(target, annul) with annul at *.1.1"))
       (ELSEIF (AND (EQUALS (VAR "*") 4)
                    (EQUALS (VAR "*.2") 43)
                    (EQUALS (VAR "*.2.0") 4)
                    (EQUALS (VAR "*.2.0.1") 4)
                    (EQUALS (VAR "*.2.0.1.1.1") 0)
                    (EQUALS (VAR "*.2.0.1.1.1.0") 3)
                    (EQUALS (VAR "*.2.0.1.1.0") 14)
                    (EQUALS (VAR "*.2.0.1.0") 1)
                    (EQUALS (VAR "*.2.0.1.0.1") 4)
                    (EQUALS (VAR "*.2.0.1.0.0") 2)
                    (EQUALS (VAR "*.2.0.0") 1)
                    (EQUALS (VAR "*.2.0.0.0") 40)
                    (EQUALS (VAR "*.1") 4)
                    (EQUALS (VAR "*.1.2") 0)
                    (EQUALS (VAR "*.1.2.0") 1)
                    (EQUALS (VAR "*.1.0") 1)
                    (EQUALS (VAR "*.1.0.1") 1)
                    (EQUALS (VAR "*.1.0.0") 10)
                    (EQUALS (VAR "*.0") 1)
                    (EQUALS (VAR "*.0.0") 42))
         (DECISION _ "matched attribute annul_delay of bvc(target, annul) with annul at *.1.1"))
       (ELSEIF (AND (EQUALS (VAR "*") 4)
                    (EQUALS (VAR "*.2") 43)
                    (EQUALS (VAR "*.2.0") 4)
                    (EQUALS (VAR "*.2.0.1") 4)
                    (EQUALS (VAR "*.2.0.1.1.1") 0)
                    (EQUALS (VAR "*.2.0.1.1.1.0") 3)
                    (EQUALS (VAR "*.2.0.1.1.0") 14)
                    (EQUALS (VAR "*.2.0.1.0") 1)
                    (EQUALS (VAR "*.2.0.1.0.1") 4)
                    (EQUALS (VAR "*.2.0.1.0.0") 2)
                    (EQUALS (VAR "*.2.0.0") 1)
                    (EQUALS (VAR "*.2.0.0.0") 39)
                    (EQUALS (VAR "*.1") 4)
                    (EQUALS (VAR "*.1.2") 0)
                    (EQUALS (VAR "*.1.2.0") 1)
                    (EQUALS (VAR "*.1.0") 1)
                    (EQUALS (VAR "*.1.0.1") 1)
                    (EQUALS (VAR "*.1.0.0") 10)
                    (EQUALS (VAR "*.0") 1)
                    (EQUALS (VAR "*.0.0") 42))
         (DECISION _ "matched attribute annul_delay of bneg(target, annul) with annul at *.1.1"))
       (ELSEIF (AND (EQUALS (VAR "*") 4)
                    (EQUALS (VAR "*.2") 43)
                    (EQUALS (VAR "*.2.0") 4)
                    (EQUALS (VAR "*.2.0.1") 4)
                    (EQUALS (VAR "*.2.0.1.1.1") 0)
                    (EQUALS (VAR "*.2.0.1.1.1.0") 3)
                    (EQUALS (VAR "*.2.0.1.1.0") 14)
                    (EQUALS (VAR "*.2.0.1.0") 1)
                    (EQUALS (VAR "*.2.0.1.0.1") 4)
                    (EQUALS (VAR "*.2.0.1.0.0") 2)
                    (EQUALS (VAR "*.2.0.0") 1)
                    (EQUALS (VAR "*.2.0.0.0") 38)
                    (EQUALS (VAR "*.1") 4)
                    (EQUALS (VAR "*.1.2") 0)
                    (EQUALS (VAR "*.1.2.0") 1)
                    (EQUALS (VAR "*.1.0") 1)
                    (EQUALS (VAR "*.1.0.1") 1)
                    (EQUALS (VAR "*.1.0.0") 10)
                    (EQUALS (VAR "*.0") 1)
                    (EQUALS (VAR "*.0.0") 42))
         (DECISION _ "matched attribute annul_delay of bpos(target, annul) with annul at *.1.1"))
       (ELSEIF (AND (EQUALS (VAR "*") 4)
                    (EQUALS (VAR "*.2") 43)
                    (EQUALS (VAR "*.2.0") 4)
                    (EQUALS (VAR "*.2.0.1") 4)
                    (EQUALS (VAR "*.2.0.1.1.1") 0)
                    (EQUALS (VAR "*.2.0.1.1.1.0") 3)
                    (EQUALS (VAR "*.2.0.1.1.0") 14)
                    (EQUALS (VAR "*.2.0.1.0") 1)
                    (EQUALS (VAR "*.2.0.1.0.1") 4)
                    (EQUALS (VAR "*.2.0.1.0.0") 2)
                    (EQUALS (VAR "*.2.0.0") 1)
                    (EQUALS (VAR "*.2.0.0.0") 37)
                    (EQUALS (VAR "*.1") 4)
                    (EQUALS (VAR "*.1.2") 0)
                    (EQUALS (VAR "*.1.2.0") 1)
                    (EQUALS (VAR "*.1.0") 1)
                    (EQUALS (VAR "*.1.0.1") 1)
                    (EQUALS (VAR "*.1.0.0") 10)
                    (EQUALS (VAR "*.0") 1)
                    (EQUALS (VAR "*.0.0") 42))
         (DECISION _ "matched attribute annul_delay of bcs(target, annul) with annul at *.1.1"))
       (ELSEIF (AND (EQUALS (VAR "*") 4)
                    (EQUALS (VAR "*.2") 43)
                    (EQUALS (VAR "*.2.0") 4)
                    (EQUALS (VAR "*.2.0.1") 4)
                    (EQUALS (VAR "*.2.0.1.1.1") 0)
                    (EQUALS (VAR "*.2.0.1.1.1.0") 3)
                    (EQUALS (VAR "*.2.0.1.1.0") 14)
                    (EQUALS (VAR "*.2.0.1.0") 1)
                    (EQUALS (VAR "*.2.0.1.0.1") 4)
                    (EQUALS (VAR "*.2.0.1.0.0") 2)
                    (EQUALS (VAR "*.2.0.0") 1)
                    (EQUALS (VAR "*.2.0.0.0") 36)
                    (EQUALS (VAR "*.1") 4)
                    (EQUALS (VAR "*.1.2") 0)
                    (EQUALS (VAR "*.1.2.0") 1)
                    (EQUALS (VAR "*.1.0") 1)
                    (EQUALS (VAR "*.1.0.1") 1)
                    (EQUALS (VAR "*.1.0.0") 10)
                    (EQUALS (VAR "*.0") 1)
                    (EQUALS (VAR "*.0.0") 42))
         (DECISION _ "matched attribute annul_delay of bcc(target, annul) with annul at *.1.1"))
       (ELSEIF (AND (EQUALS (VAR "*") 4)
                    (EQUALS (VAR "*.2") 43)
                    (EQUALS (VAR "*.2.0") 4)
                    (EQUALS (VAR "*.2.0.1") 4)
                    (EQUALS (VAR "*.2.0.1.1.1") 0)
                    (EQUALS (VAR "*.2.0.1.1.1.0") 3)
                    (EQUALS (VAR "*.2.0.1.1.0") 14)
                    (EQUALS (VAR "*.2.0.1.0") 1)
                    (EQUALS (VAR "*.2.0.1.0.1") 4)
                    (EQUALS (VAR "*.2.0.1.0.0") 2)
                    (EQUALS (VAR "*.2.0.0") 1)
                    (EQUALS (VAR "*.2.0.0.0") 35)
                    (EQUALS (VAR "*.1") 4)
                    (EQUALS (VAR "*.1.2") 0)
                    (EQUALS (VAR "*.1.2.0") 1)
                    (EQUALS (VAR "*.1.0") 1)
                    (EQUALS (VAR "*.1.0.1") 1)
                    (EQUALS (VAR "*.1.0.0") 10)
                    (EQUALS (VAR "*.0") 1)
                    (EQUALS (VAR "*.0.0") 42))
         (DECISION _ "matched attribute annul_delay of bleu(target, annul) with annul at *.1.1"))
       (ELSEIF (AND (EQUALS (VAR "*") 4)
                    (EQUALS (VAR "*.2") 43)
                    (EQUALS (VAR "*.2.0") 4)
                    (EQUALS (VAR "*.2.0.1") 4)
                    (EQUALS (VAR "*.2.0.1.1.1") 0)
                    (EQUALS (VAR "*.2.0.1.1.1.0") 3)
                    (EQUALS (VAR "*.2.0.1.1.0") 14)
                    (EQUALS (VAR "*.2.0.1.0") 1)
                    (EQUALS (VAR "*.2.0.1.0.1") 4)
                    (EQUALS (VAR "*.2.0.1.0.0") 2)
                    (EQUALS (VAR "*.2.0.0") 1)
                    (EQUALS (VAR "*.2.0.0.0") 34)
                    (EQUALS (VAR "*.1") 4)
                    (EQUALS (VAR "*.1.2") 0)
                    (EQUALS (VAR "*.1.2.0") 1)
                    (EQUALS (VAR "*.1.0") 1)
                    (EQUALS (VAR "*.1.0.1") 1)
                    (EQUALS (VAR "*.1.0.0") 10)
                    (EQUALS (VAR "*.0") 1)
                    (EQUALS (VAR "*.0.0") 42))
         (DECISION _ "matched attribute annul_delay of bgu(target, annul) with annul at *.1.1"))
       (ELSEIF (AND (EQUALS (VAR "*") 4)
                    (EQUALS (VAR "*.2") 43)
                    (EQUALS (VAR "*.2.0") 4)
                    (EQUALS (VAR "*.2.0.1") 4)
                    (EQUALS (VAR "*.2.0.1.1.1") 0)
                    (EQUALS (VAR "*.2.0.1.1.1.0") 3)
                    (EQUALS (VAR "*.2.0.1.1.0") 14)
                    (EQUALS (VAR "*.2.0.1.0") 1)
                    (EQUALS (VAR "*.2.0.1.0.1") 4)
                    (EQUALS (VAR "*.2.0.1.0.0") 2)
                    (EQUALS (VAR "*.2.0.0") 1)
                    (EQUALS (VAR "*.2.0.0.0") 33)
                    (EQUALS (VAR "*.1") 4)
                    (EQUALS (VAR "*.1.2") 0)
                    (EQUALS (VAR "*.1.2.0") 1)
                    (EQUALS (VAR "*.1.0") 1)
                    (EQUALS (VAR "*.1.0.1") 1)
                    (EQUALS (VAR "*.1.0.0") 10)
                    (EQUALS (VAR "*.0") 1)
                    (EQUALS (VAR "*.0.0") 42))
         (DECISION _ "matched attribute annul_delay of bl(target, annul) with annul at *.1.1"))
       (ELSEIF (AND (EQUALS (VAR "*") 4)
                    (EQUALS (VAR "*.2") 43)
                    (EQUALS (VAR "*.2.0") 4)
                    (EQUALS (VAR "*.2.0.1") 4)
                    (EQUALS (VAR "*.2.0.1.1.1") 0)
                    (EQUALS (VAR "*.2.0.1.1.1.0") 3)
                    (EQUALS (VAR "*.2.0.1.1.0") 14)
                    (EQUALS (VAR "*.2.0.1.0") 1)
                    (EQUALS (VAR "*.2.0.1.0.1") 4)
                    (EQUALS (VAR "*.2.0.1.0.0") 2)
                    (EQUALS (VAR "*.2.0.0") 1)
                    (EQUALS (VAR "*.2.0.0.0") 32)
                    (EQUALS (VAR "*.1") 4)
                    (EQUALS (VAR "*.1.2") 0)
                    (EQUALS (VAR "*.1.2.0") 1)
                    (EQUALS (VAR "*.1.0") 1)
                    (EQUALS (VAR "*.1.0.1") 1)
                    (EQUALS (VAR "*.1.0.0") 10)
                    (EQUALS (VAR "*.0") 1)
                    (EQUALS (VAR "*.0.0") 42))
         (DECISION _ "matched attribute annul_delay of bge(target, annul) with annul at *.1.1"))
       (ELSEIF (AND (EQUALS (VAR "*") 4)
                    (EQUALS (VAR "*.2") 43)
                    (EQUALS (VAR "*.2.0") 4)
                    (EQUALS (VAR "*.2.0.1") 4)
                    (EQUALS (VAR "*.2.0.1.1.1") 0)
                    (EQUALS (VAR "*.2.0.1.1.1.0") 3)
                    (EQUALS (VAR "*.2.0.1.1.0") 14)
                    (EQUALS (VAR "*.2.0.1.0") 1)
                    (EQUALS (VAR "*.2.0.1.0.1") 4)
                    (EQUALS (VAR "*.2.0.1.0.0") 2)
                    (EQUALS (VAR "*.2.0.0") 1)
                    (EQUALS (VAR "*.2.0.0.0") 31)
                    (EQUALS (VAR "*.1") 4)
                    (EQUALS (VAR "*.1.2") 0)
                    (EQUALS (VAR "*.1.2.0") 1)
                    (EQUALS (VAR "*.1.0") 1)
                    (EQUALS (VAR "*.1.0.1") 1)
                    (EQUALS (VAR "*.1.0.0") 10)
                    (EQUALS (VAR "*.0") 1)
                    (EQUALS (VAR "*.0.0") 42))
         (DECISION _ "matched attribute annul_delay of ble(target, annul) with annul at *.1.1"))
       (ELSEIF (AND (EQUALS (VAR "*") 4)
                    (EQUALS (VAR "*.2") 43)
                    (EQUALS (VAR "*.2.0") 4)
                    (EQUALS (VAR "*.2.0.1") 4)
                    (EQUALS (VAR "*.2.0.1.1.1") 0)
                    (EQUALS (VAR "*.2.0.1.1.1.0") 3)
                    (EQUALS (VAR "*.2.0.1.1.0") 14)
                    (EQUALS (VAR "*.2.0.1.0") 1)
                    (EQUALS (VAR "*.2.0.1.0.1") 4)
                    (EQUALS (VAR "*.2.0.1.0.0") 2)
                    (EQUALS (VAR "*.2.0.0") 1)
                    (EQUALS (VAR "*.2.0.0.0") 30)
                    (EQUALS (VAR "*.1") 4)
                    (EQUALS (VAR "*.1.2") 0)
                    (EQUALS (VAR "*.1.2.0") 1)
                    (EQUALS (VAR "*.1.0") 1)
                    (EQUALS (VAR "*.1.0.1") 1)
                    (EQUALS (VAR "*.1.0.0") 10)
                    (EQUALS (VAR "*.0") 1)
                    (EQUALS (VAR "*.0.0") 42))
         (DECISION _ "matched attribute annul_delay of bg(target, annul) with annul at *.1.1"))
       (ELSEIF (AND (EQUALS (VAR "*") 4)
                    (EQUALS (VAR "*.2") 43)
                    (EQUALS (VAR "*.2.0") 4)
                    (EQUALS (VAR "*.2.0.1") 4)
                    (EQUALS (VAR "*.2.0.1.1.1") 0)
                    (EQUALS (VAR "*.2.0.1.1.1.0") 3)
                    (EQUALS (VAR "*.2.0.1.1.0") 14)
                    (EQUALS (VAR "*.2.0.1.0") 1)
                    (EQUALS (VAR "*.2.0.1.0.1") 4)
                    (EQUALS (VAR "*.2.0.1.0.0") 2)
                    (EQUALS (VAR "*.2.0.0") 1)
                    (EQUALS (VAR "*.2.0.0.0") 29)
                    (EQUALS (VAR "*.1") 4)
                    (EQUALS (VAR "*.1.2") 0)
                    (EQUALS (VAR "*.1.2.0") 1)
                    (EQUALS (VAR "*.1.0") 1)
                    (EQUALS (VAR "*.1.0.1") 1)
                    (EQUALS (VAR "*.1.0.0") 10)
                    (EQUALS (VAR "*.0") 1)
                    (EQUALS (VAR "*.0.0") 42))
         (DECISION _ "matched attribute annul_delay of be(target, annul) with annul at *.1.1"))
       (ELSEIF (AND (EQUALS (VAR "*") 4)
                    (EQUALS (VAR "*.2") 43)
                    (EQUALS (VAR "*.2.0") 4)
                    (EQUALS (VAR "*.2.0.1") 4)
                    (EQUALS (VAR "*.2.0.1.1.1") 0)
                    (EQUALS (VAR "*.2.0.1.1.1.0") 3)
                    (EQUALS (VAR "*.2.0.1.1.0") 14)
                    (EQUALS (VAR "*.2.0.1.0") 1)
                    (EQUALS (VAR "*.2.0.1.0.1") 4)
                    (EQUALS (VAR "*.2.0.1.0.0") 2)
                    (EQUALS (VAR "*.2.0.0") 1)
                    (EQUALS (VAR "*.2.0.0.0") 28)
                    (EQUALS (VAR "*.1") 4)
                    (EQUALS (VAR "*.1.2") 0)
                    (EQUALS (VAR "*.1.2.0") 1)
                    (EQUALS (VAR "*.1.0") 1)
                    (EQUALS (VAR "*.1.0.1") 1)
                    (EQUALS (VAR "*.1.0.0") 10)
                    (EQUALS (VAR "*.0") 1)
                    (EQUALS (VAR "*.0.0") 42))
         (DECISION _ "matched attribute annul_delay of bne(target, annul) with annul at *.1.1")))
      (DECISION 1 "did not match attribute annul_delay"))))
old size: 1804
new size: 1765
delta:39 (2.161862527716186% reduction)
