((0 (IF (AND (EQUALS (VAR "opfmt_at_0") 1)
             (EQUALS (VAR "opcode__at_0") 17)
             (EQUALS (VAR "flo_at_0") 0)
             (EQUALS (VAR "fhi_at_0") 2))
      (DECISION _ "Found instruction or")
      ((ELSEIF (AND (EQUALS (VAR "sbz_at_0") 0)
                    (EQUALS (VAR "opfmt_at_0") 0)
                    (EQUALS (VAR "opcode__at_0") 17)
                    (EQUALS (VAR "flo_at_0") 0)
                    (EQUALS (VAR "fhi_at_0") 2))
         (DECISION _ "Found instruction or"))
       (ELSEIF (AND (EQUALS (VAR "ra_at_0") 31)
                    (EQUALS (VAR "sbz_at_0") 0)
                    (EQUALS (VAR "opfmt_at_0") 0)
                    (EQUALS (VAR "opcode__at_0") 17)
                    (EQUALS (VAR "flo_at_0") 8)
                    (EQUALS (VAR "fhi_at_0") 2))
         (DECISION _ "Found instruction not"))
       (ELSEIF (AND (EQUALS (VAR "ra_at_0") 31)
                    (EQUALS (VAR "rb_at_0") 31)
                    (EQUALS (VAR "rc_at_0") 31)
                    (EQUALS (VAR "sbz_at_0") 0)
                    (EQUALS (VAR "opfmt_at_0") 0)
                    (EQUALS (VAR "opcode__at_0") 17)
                    (EQUALS (VAR "flo_at_0") 0)
                    (EQUALS (VAR "fhi_at_0") 2))
         (DECISION _ "Found instruction nop"))
       (ELSEIF (AND (EQUALS (VAR "ra_at_0") 31)
                    (EQUALS (VAR "opfmt_at_0") 1)
                    (EQUALS (VAR "opcode__at_0") 17)
                    (EQUALS (VAR "flo_at_0") 0)
                    (EQUALS (VAR "fhi_at_0") 2))
         (DECISION _ "Found instruction mov"))
       (ELSEIF (AND (EQUALS (VAR "ra_at_0") 31)
                    (EQUALS (VAR "sbz_at_0") 0)
                    (EQUALS (VAR "opfmt_at_0") 0)
                    (EQUALS (VAR "opcode__at_0") 17)
                    (EQUALS (VAR "flo_at_0") 0)
                    (EQUALS (VAR "fhi_at_0") 2))
         (DECISION _ "Found instruction mov"))
       (ELSEIF (AND (EQUALS (VAR "ra_at_0") 31)
                    (EQUALS (VAR "rb_at_0") 31)
                    (EQUALS (VAR "sbz_at_0") 0)
                    (EQUALS (VAR "opfmt_at_0") 0)
                    (EQUALS (VAR "opcode__at_0") 17)
                    (EQUALS (VAR "flo_at_0") 0)
                    (EQUALS (VAR "fhi_at_0") 2))
         (DECISION _ "Found instruction clr"))
       (ELSEIF (AND (EQUALS (VAR "sbz_at_0") 0)
                    (EQUALS (VAR "opfmt_at_0") 0)
                    (EQUALS (VAR "opcode__at_0") 17)
                    (EQUALS (VAR "flo_at_0") 8)
                    (EQUALS (VAR "fhi_at_0") 0))
         (DECISION _ "Found instruction andnot"))
       (ELSEIF (AND (EQUALS (VAR "opcode__at_0") 0))
         (DECISION _ "Found instruction call_pal"))
       (ELSEIF (AND (EQUALS (VAR "opcode__at_0") 22)
                    (EQUALS (VAR "fplo_at_0") 47)
                    (EQUALS (VAR "fphi_at_0") 31))
         (DECISION _ "Found instruction cvttqsvid"))
       (ELSEIF (AND (EQUALS (VAR "opcode__at_0") 22)
                    (EQUALS (VAR "fplo_at_0") 47)
                    (EQUALS (VAR "fphi_at_0") 29))
         (DECISION _ "Found instruction cvttqsvim"))
       (ELSEIF (AND (EQUALS (VAR "opcode__at_0") 22)
                    (EQUALS (VAR "fplo_at_0") 47)
                    (EQUALS (VAR "fphi_at_0") 28))
         (DECISION _ "Found instruction cvttqsvic"))
       (ELSEIF (AND (EQUALS (VAR "opcode__at_0") 22)
                    (EQUALS (VAR "fplo_at_0") 47)
                    (EQUALS (VAR "fphi_at_0") 30))
         (DECISION _ "Found instruction cvttqsvi"))
       (ELSEIF (AND (EQUALS (VAR "opcode__at_0") 22)
                    (EQUALS (VAR "fplo_at_0") 47)
                    (EQUALS (VAR "fphi_at_0") 23))
         (DECISION _ "Found instruction cvttqsvd"))
       (ELSEIF (AND (EQUALS (VAR "opcode__at_0") 22)
                    (EQUALS (VAR "fplo_at_0") 47)
                    (EQUALS (VAR "fphi_at_0") 21))
         (DECISION _ "Found instruction cvttqsvm"))
       (ELSEIF (AND (EQUALS (VAR "opcode__at_0") 22)
                    (EQUALS (VAR "fplo_at_0") 47)
                    (EQUALS (VAR "fphi_at_0") 20))
         (DECISION _ "Found instruction cvttqsvc"))
       (ELSEIF (AND (EQUALS (VAR "opcode__at_0") 22)
                    (EQUALS (VAR "fplo_at_0") 47)
                    (EQUALS (VAR "fphi_at_0") 22))
         (DECISION _ "Found instruction cvttqsv"))
       (ELSEIF (AND (EQUALS (VAR "opcode__at_0") 22)
                    (EQUALS (VAR "fplo_at_0") 47)
                    (EQUALS (VAR "fphi_at_0") 7))
         (DECISION _ "Found instruction cvttqvd"))
       (ELSEIF (AND (EQUALS (VAR "opcode__at_0") 22)
                    (EQUALS (VAR "fplo_at_0") 47)
                    (EQUALS (VAR "fphi_at_0") 5))
         (DECISION _ "Found instruction cvttqvm"))
       (ELSEIF (AND (EQUALS (VAR "opcode__at_0") 22)
                    (EQUALS (VAR "fplo_at_0") 47)
                    (EQUALS (VAR "fphi_at_0") 4))
         (DECISION _ "Found instruction cvttqvc"))
       (ELSEIF (AND (EQUALS (VAR "opcode__at_0") 22)
                    (EQUALS (VAR "fplo_at_0") 47)
                    (EQUALS (VAR "fphi_at_0") 6))
         (DECISION _ "Found instruction cvttqv"))
       (ELSEIF (AND (EQUALS (VAR "opcode__at_0") 22)
                    (EQUALS (VAR "fplo_at_0") 47)
                    (EQUALS (VAR "fphi_at_0") 3))
         (DECISION _ "Found instruction cvttqqqd"))
       (ELSEIF (AND (EQUALS (VAR "opcode__at_0") 22)
                    (EQUALS (VAR "fplo_at_0") 47)
                    (EQUALS (VAR "fphi_at_0") 1))
         (DECISION _ "Found instruction cvttqqqm"))
       (ELSEIF (AND (EQUALS (VAR "opcode__at_0") 22)
                    (EQUALS (VAR "fplo_at_0") 47)
                    (EQUALS (VAR "fphi_at_0") 0))
         (DECISION _ "Found instruction cvttqqqc"))
       (ELSEIF (AND (EQUALS (VAR "opcode__at_0") 22)
                    (EQUALS (VAR "fplo_at_0") 47)
                    (EQUALS (VAR "fphi_at_0") 2))
         (DECISION _ "Found instruction cvttqqq"))
       (ELSEIF (AND (EQUALS (VAR "opcode__at_0") 22)
                    (EQUALS (VAR "fplo_at_0") 36)
                    (EQUALS (VAR "fphi_at_0") 22))
         (DECISION _ "Found instruction cmptunsu"))
       (ELSEIF (AND (EQUALS (VAR "opcode__at_0") 22)
                    (EQUALS (VAR "fplo_at_0") 36)
                    (EQUALS (VAR "fphi_at_0") 2))
         (DECISION _ "Found instruction cmptunnone"))
       (ELSEIF (AND (EQUALS (VAR "opcode__at_0") 22)
                    (EQUALS (VAR "fplo_at_0") 39)
                    (EQUALS (VAR "fphi_at_0") 22))
         (DECISION _ "Found instruction cmptlesu"))
       (ELSEIF (AND (EQUALS (VAR "opcode__at_0") 22)
                    (EQUALS (VAR "fplo_at_0") 39)
                    (EQUALS (VAR "fphi_at_0") 2))
         (DECISION _ "Found instruction cmptlenone"))
       (ELSEIF (AND (EQUALS (VAR "opcode__at_0") 22)
                    (EQUALS (VAR "fplo_at_0") 38)
                    (EQUALS (VAR "fphi_at_0") 22))
         (DECISION _ "Found instruction cmptltsu"))
       (ELSEIF (AND (EQUALS (VAR "opcode__at_0") 22)
                    (EQUALS (VAR "fplo_at_0") 38)
                    (EQUALS (VAR "fphi_at_0") 2))
         (DECISION _ "Found instruction cmptltnone"))
       (ELSEIF (AND (EQUALS (VAR "opcode__at_0") 22)
                    (EQUALS (VAR "fplo_at_0") 37)
                    (EQUALS (VAR "fphi_at_0") 22))
         (DECISION _ "Found instruction cmpteqsu"))
       (ELSEIF (AND (EQUALS (VAR "opcode__at_0") 22)
                    (EQUALS (VAR "fplo_at_0") 37)
                    (EQUALS (VAR "fphi_at_0") 2))
         (DECISION _ "Found instruction cmpteqnone"))
       (ELSEIF (AND (EQUALS (VAR "opcode__at_0") 22)
                    (EQUALS (VAR "fplo_at_0") 62)
                    (EQUALS (VAR "fphi_at_0") 31))
         (DECISION _ "Found instruction cvtqtsuid"))
       (ELSEIF (AND (EQUALS (VAR "opcode__at_0") 22)
                    (EQUALS (VAR "fplo_at_0") 62)
                    (EQUALS (VAR "fphi_at_0") 29))
         (DECISION _ "Found instruction cvtqtsuim"))
       (ELSEIF (AND (EQUALS (VAR "opcode__at_0") 22)
                    (EQUALS (VAR "fplo_at_0") 62)
                    (EQUALS (VAR "fphi_at_0") 28))
         (DECISION _ "Found instruction cvtqtsuic"))
       (ELSEIF (AND (EQUALS (VAR "opcode__at_0") 22)
                    (EQUALS (VAR "fplo_at_0") 62)
                    (EQUALS (VAR "fphi_at_0") 30))
         (DECISION _ "Found instruction cvtqtsui"))
       (ELSEIF (AND (EQUALS (VAR "opcode__at_0") 22)
                    (EQUALS (VAR "fplo_at_0") 62)
                    (EQUALS (VAR "fphi_at_0") 3))
         (DECISION _ "Found instruction cvtqtd"))
       (ELSEIF (AND (EQUALS (VAR "opcode__at_0") 22)
                    (EQUALS (VAR "fplo_at_0") 62)
                    (EQUALS (VAR "fphi_at_0") 1))
         (DECISION _ "Found instruction cvtqtm"))
       (ELSEIF (AND (EQUALS (VAR "opcode__at_0") 22)
                    (EQUALS (VAR "fplo_at_0") 62)
                    (EQUALS (VAR "fphi_at_0") 0))
         (DECISION _ "Found instruction cvtqtc"))
       (ELSEIF (AND (EQUALS (VAR "opcode__at_0") 22)
                    (EQUALS (VAR "fplo_at_0") 62)
                    (EQUALS (VAR "fphi_at_0") 2))
         (DECISION _ "Found instruction cvtqtnone"))
       (ELSEIF (AND (EQUALS (VAR "opcode__at_0") 22)
                    (EQUALS (VAR "fplo_at_0") 60)
                    (EQUALS (VAR "fphi_at_0") 31))
         (DECISION _ "Found instruction cvtqssuid"))
       (ELSEIF (AND (EQUALS (VAR "opcode__at_0") 22)
                    (EQUALS (VAR "fplo_at_0") 60)
                    (EQUALS (VAR "fphi_at_0") 29))
         (DECISION _ "Found instruction cvtqssuim"))
       (ELSEIF (AND (EQUALS (VAR "opcode__at_0") 22)
                    (EQUALS (VAR "fplo_at_0") 60)
                    (EQUALS (VAR "fphi_at_0") 28))
         (DECISION _ "Found instruction cvtqssuic"))
       (ELSEIF (AND (EQUALS (VAR "opcode__at_0") 22)
                    (EQUALS (VAR "fplo_at_0") 60)
                    (EQUALS (VAR "fphi_at_0") 30))
         (DECISION _ "Found instruction cvtqssui"))
       (ELSEIF (AND (EQUALS (VAR "opcode__at_0") 22)
                    (EQUALS (VAR "fplo_at_0") 60)
                    (EQUALS (VAR "fphi_at_0") 3))
         (DECISION _ "Found instruction cvtqsd"))
       (ELSEIF (AND (EQUALS (VAR "opcode__at_0") 22)
                    (EQUALS (VAR "fplo_at_0") 60)
                    (EQUALS (VAR "fphi_at_0") 1))
         (DECISION _ "Found instruction cvtqsm"))
       (ELSEIF (AND (EQUALS (VAR "opcode__at_0") 22)
                    (EQUALS (VAR "fplo_at_0") 60)
                    (EQUALS (VAR "fphi_at_0") 0))
         (DECISION _ "Found instruction cvtqsc"))
       (ELSEIF (AND (EQUALS (VAR "opcode__at_0") 22)
                    (EQUALS (VAR "fplo_at_0") 60)
                    (EQUALS (VAR "fphi_at_0") 2))
         (DECISION _ "Found instruction cvtqsnone"))
       (ELSEIF (AND (EQUALS (VAR "opcode__at_0") 22)
                    (EQUALS (VAR "fplo_at_0") 44)
                    (EQUALS (VAR "fphi_at_0") 31))
         (DECISION _ "Found instruction cvttssuid"))
       (ELSEIF (AND (EQUALS (VAR "opcode__at_0") 22)
                    (EQUALS (VAR "fplo_at_0") 44)
                    (EQUALS (VAR "fphi_at_0") 29))
         (DECISION _ "Found instruction cvttssuim"))
       (ELSEIF (AND (EQUALS (VAR "opcode__at_0") 22)
                    (EQUALS (VAR "fplo_at_0") 44)
                    (EQUALS (VAR "fphi_at_0") 28))
         (DECISION _ "Found instruction cvttssuic"))
       (ELSEIF (AND (EQUALS (VAR "opcode__at_0") 22)
                    (EQUALS (VAR "fplo_at_0") 44)
                    (EQUALS (VAR "fphi_at_0") 30))
         (DECISION _ "Found instruction cvttssui"))
       (ELSEIF (AND (EQUALS (VAR "opcode__at_0") 22)
                    (EQUALS (VAR "fplo_at_0") 44)
                    (EQUALS (VAR "fphi_at_0") 23))
         (DECISION _ "Found instruction cvttssud"))
       (ELSEIF (AND (EQUALS (VAR "opcode__at_0") 22)
                    (EQUALS (VAR "fplo_at_0") 44)
                    (EQUALS (VAR "fphi_at_0") 21))
         (DECISION _ "Found instruction cvttssum"))
       (ELSEIF (AND (EQUALS (VAR "opcode__at_0") 22)
                    (EQUALS (VAR "fplo_at_0") 44)
                    (EQUALS (VAR "fphi_at_0") 20))
         (DECISION _ "Found instruction cvttssuc"))
       (ELSEIF (AND (EQUALS (VAR "opcode__at_0") 22)
                    (EQUALS (VAR "fplo_at_0") 44)
                    (EQUALS (VAR "fphi_at_0") 22))
         (DECISION _ "Found instruction cvttssu"))
       (ELSEIF (AND (EQUALS (VAR "opcode__at_0") 22)
                    (EQUALS (VAR "fplo_at_0") 44)
                    (EQUALS (VAR "fphi_at_0") 7))
         (DECISION _ "Found instruction cvttsud"))
       (ELSEIF (AND (EQUALS (VAR "opcode__at_0") 22)
                    (EQUALS (VAR "fplo_at_0") 44)
                    (EQUALS (VAR "fphi_at_0") 5))
         (DECISION _ "Found instruction cvttsum"))
       (ELSEIF (AND (EQUALS (VAR "opcode__at_0") 22)
                    (EQUALS (VAR "fplo_at_0") 44)
                    (EQUALS (VAR "fphi_at_0") 4))
         (DECISION _ "Found instruction cvttsuc"))
       (ELSEIF (AND (EQUALS (VAR "opcode__at_0") 22)
                    (EQUALS (VAR "fplo_at_0") 44)
                    (EQUALS (VAR "fphi_at_0") 6))
         (DECISION _ "Found instruction cvttsu"))
       (ELSEIF (AND (EQUALS (VAR "opcode__at_0") 22)
                    (EQUALS (VAR "fplo_at_0") 44)
                    (EQUALS (VAR "fphi_at_0") 3))
         (DECISION _ "Found instruction cvttsd"))
       (ELSEIF (AND (EQUALS (VAR "opcode__at_0") 22)
                    (EQUALS (VAR "fplo_at_0") 44)
                    (EQUALS (VAR "fphi_at_0") 1))
         (DECISION _ "Found instruction cvttsm"))
       (ELSEIF (AND (EQUALS (VAR "opcode__at_0") 22)
                    (EQUALS (VAR "fplo_at_0") 44)
                    (EQUALS (VAR "fphi_at_0") 0))
         (DECISION _ "Found instruction cvttsc"))
       (ELSEIF (AND (EQUALS (VAR "opcode__at_0") 22)
                    (EQUALS (VAR "fplo_at_0") 44)
                    (EQUALS (VAR "fphi_at_0") 2))
         (DECISION _ "Found instruction cvttsnone"))
       (ELSEIF (AND (EQUALS (VAR "opcode__at_0") 22)
                    (EQUALS (VAR "fplo_at_0") 33)
                    (EQUALS (VAR "fphi_at_0") 31))
         (DECISION _ "Found instruction subtsuid"))
       (ELSEIF (AND (EQUALS (VAR "opcode__at_0") 22)
                    (EQUALS (VAR "fplo_at_0") 33)
                    (EQUALS (VAR "fphi_at_0") 29))
         (DECISION _ "Found instruction subtsuim"))
       (ELSEIF (AND (EQUALS (VAR "opcode__at_0") 22)
                    (EQUALS (VAR "fplo_at_0") 33)
                    (EQUALS (VAR "fphi_at_0") 28))
         (DECISION _ "Found instruction subtsuic"))
       (ELSEIF (AND (EQUALS (VAR "opcode__at_0") 22)
                    (EQUALS (VAR "fplo_at_0") 33)
                    (EQUALS (VAR "fphi_at_0") 30))
         (DECISION _ "Found instruction subtsui"))
       (ELSEIF (AND (EQUALS (VAR "opcode__at_0") 22)
                    (EQUALS (VAR "fplo_at_0") 33)
                    (EQUALS (VAR "fphi_at_0") 23))
         (DECISION _ "Found instruction subtsud"))
       (ELSEIF (AND (EQUALS (VAR "opcode__at_0") 22)
                    (EQUALS (VAR "fplo_at_0") 33)
                    (EQUALS (VAR "fphi_at_0") 21))
         (DECISION _ "Found instruction subtsum"))
       (ELSEIF (AND (EQUALS (VAR "opcode__at_0") 22)
                    (EQUALS (VAR "fplo_at_0") 33)
                    (EQUALS (VAR "fphi_at_0") 20))
         (DECISION _ "Found instruction subtsuc"))
       (ELSEIF (AND (EQUALS (VAR "opcode__at_0") 22)
                    (EQUALS (VAR "fplo_at_0") 33)
                    (EQUALS (VAR "fphi_at_0") 22))
         (DECISION _ "Found instruction subtsu"))
       (ELSEIF (AND (EQUALS (VAR "opcode__at_0") 22)
                    (EQUALS (VAR "fplo_at_0") 33)
                    (EQUALS (VAR "fphi_at_0") 7))
         (DECISION _ "Found instruction subtud"))
       (ELSEIF (AND (EQUALS (VAR "opcode__at_0") 22)
                    (EQUALS (VAR "fplo_at_0") 33)
                    (EQUALS (VAR "fphi_at_0") 5))
         (DECISION _ "Found instruction subtum"))
       (ELSEIF (AND (EQUALS (VAR "opcode__at_0") 22)
                    (EQUALS (VAR "fplo_at_0") 33)
                    (EQUALS (VAR "fphi_at_0") 4))
         (DECISION _ "Found instruction subtuc"))
       (ELSEIF (AND (EQUALS (VAR "opcode__at_0") 22)
                    (EQUALS (VAR "fplo_at_0") 33)
                    (EQUALS (VAR "fphi_at_0") 6))
         (DECISION _ "Found instruction subtu"))
       (ELSEIF (AND (EQUALS (VAR "opcode__at_0") 22)
                    (EQUALS (VAR "fplo_at_0") 33)
                    (EQUALS (VAR "fphi_at_0") 3))
         (DECISION _ "Found instruction subtd"))
       (ELSEIF (AND (EQUALS (VAR "opcode__at_0") 22)
                    (EQUALS (VAR "fplo_at_0") 33)
                    (EQUALS (VAR "fphi_at_0") 1))
         (DECISION _ "Found instruction subtm"))
       (ELSEIF (AND (EQUALS (VAR "opcode__at_0") 22)
                    (EQUALS (VAR "fplo_at_0") 33)
                    (EQUALS (VAR "fphi_at_0") 0))
         (DECISION _ "Found instruction subtc"))
       (ELSEIF (AND (EQUALS (VAR "opcode__at_0") 22)
                    (EQUALS (VAR "fplo_at_0") 33)
                    (EQUALS (VAR "fphi_at_0") 2))
         (DECISION _ "Found instruction subtnone"))
       (ELSEIF (AND (EQUALS (VAR "opcode__at_0") 22)
                    (EQUALS (VAR "fplo_at_0") 1)
                    (EQUALS (VAR "fphi_at_0") 31))
         (DECISION _ "Found instruction subssuid"))
       (ELSEIF (AND (EQUALS (VAR "opcode__at_0") 22)
                    (EQUALS (VAR "fplo_at_0") 1)
                    (EQUALS (VAR "fphi_at_0") 29))
         (DECISION _ "Found instruction subssuim"))
       (ELSEIF (AND (EQUALS (VAR "opcode__at_0") 22)
                    (EQUALS (VAR "fplo_at_0") 1)
                    (EQUALS (VAR "fphi_at_0") 28))
         (DECISION _ "Found instruction subssuic"))
       (ELSEIF (AND (EQUALS (VAR "opcode__at_0") 22)
                    (EQUALS (VAR "fplo_at_0") 1)
                    (EQUALS (VAR "fphi_at_0") 30))
         (DECISION _ "Found instruction subssui"))
       (ELSEIF (AND (EQUALS (VAR "opcode__at_0") 22)
                    (EQUALS (VAR "fplo_at_0") 1)
                    (EQUALS (VAR "fphi_at_0") 23))
         (DECISION _ "Found instruction subssud"))
       (ELSEIF (AND (EQUALS (VAR "opcode__at_0") 22)
                    (EQUALS (VAR "fplo_at_0") 1)
                    (EQUALS (VAR "fphi_at_0") 21))
         (DECISION _ "Found instruction subssum"))
       (ELSEIF (AND (EQUALS (VAR "opcode__at_0") 22)
                    (EQUALS (VAR "fplo_at_0") 1)
                    (EQUALS (VAR "fphi_at_0") 20))
         (DECISION _ "Found instruction subssuc"))
       (ELSEIF (AND (EQUALS (VAR "opcode__at_0") 22)
                    (EQUALS (VAR "fplo_at_0") 1)
                    (EQUALS (VAR "fphi_at_0") 22))
         (DECISION _ "Found instruction subssu"))
       (ELSEIF (AND (EQUALS (VAR "opcode__at_0") 22)
                    (EQUALS (VAR "fplo_at_0") 1)
                    (EQUALS (VAR "fphi_at_0") 7))
         (DECISION _ "Found instruction subsud"))
       (ELSEIF (AND (EQUALS (VAR "opcode__at_0") 22)
                    (EQUALS (VAR "fplo_at_0") 1)
                    (EQUALS (VAR "fphi_at_0") 5))
         (DECISION _ "Found instruction subsum"))
       (ELSEIF (AND (EQUALS (VAR "opcode__at_0") 22)
                    (EQUALS (VAR "fplo_at_0") 1)
                    (EQUALS (VAR "fphi_at_0") 4))
         (DECISION _ "Found instruction subsuc"))
       (ELSEIF (AND (EQUALS (VAR "opcode__at_0") 22)
                    (EQUALS (VAR "fplo_at_0") 1)
                    (EQUALS (VAR "fphi_at_0") 6))
         (DECISION _ "Found instruction subsu"))
       (ELSEIF (AND (EQUALS (VAR "opcode__at_0") 22)
                    (EQUALS (VAR "fplo_at_0") 1)
                    (EQUALS (VAR "fphi_at_0") 3))
         (DECISION _ "Found instruction subsd"))
       (ELSEIF (AND (EQUALS (VAR "opcode__at_0") 22)
                    (EQUALS (VAR "fplo_at_0") 1)
                    (EQUALS (VAR "fphi_at_0") 1))
         (DECISION _ "Found instruction subsm"))
       (ELSEIF (AND (EQUALS (VAR "opcode__at_0") 22)
                    (EQUALS (VAR "fplo_at_0") 1)
                    (EQUALS (VAR "fphi_at_0") 0))
         (DECISION _ "Found instruction subsc"))
       (ELSEIF (AND (EQUALS (VAR "opcode__at_0") 22)
                    (EQUALS (VAR "fplo_at_0") 1)
                    (EQUALS (VAR "fphi_at_0") 2))
         (DECISION _ "Found instruction subsnone"))
       (ELSEIF (AND (EQUALS (VAR "opcode__at_0") 22)
                    (EQUALS (VAR "fplo_at_0") 34)
                    (EQUALS (VAR "fphi_at_0") 31))
         (DECISION _ "Found instruction multsuid"))
       (ELSEIF (AND (EQUALS (VAR "opcode__at_0") 22)
                    (EQUALS (VAR "fplo_at_0") 34)
                    (EQUALS (VAR "fphi_at_0") 29))
         (DECISION _ "Found instruction multsuim"))
       (ELSEIF (AND (EQUALS (VAR "opcode__at_0") 22)
                    (EQUALS (VAR "fplo_at_0") 34)
                    (EQUALS (VAR "fphi_at_0") 28))
         (DECISION _ "Found instruction multsuic"))
       (ELSEIF (AND (EQUALS (VAR "opcode__at_0") 22)
                    (EQUALS (VAR "fplo_at_0") 34)
                    (EQUALS (VAR "fphi_at_0") 30))
         (DECISION _ "Found instruction multsui"))
       (ELSEIF (AND (EQUALS (VAR "opcode__at_0") 22)
                    (EQUALS (VAR "fplo_at_0") 34)
                    (EQUALS (VAR "fphi_at_0") 23))
         (DECISION _ "Found instruction multsud"))
       (ELSEIF (AND (EQUALS (VAR "opcode__at_0") 22)
                    (EQUALS (VAR "fplo_at_0") 34)
                    (EQUALS (VAR "fphi_at_0") 21))
         (DECISION _ "Found instruction multsum"))
       (ELSEIF (AND (EQUALS (VAR "opcode__at_0") 22)
                    (EQUALS (VAR "fplo_at_0") 34)
                    (EQUALS (VAR "fphi_at_0") 20))
         (DECISION _ "Found instruction multsuc"))
       (ELSEIF (AND (EQUALS (VAR "opcode__at_0") 22)
                    (EQUALS (VAR "fplo_at_0") 34)
                    (EQUALS (VAR "fphi_at_0") 22))
         (DECISION _ "Found instruction multsu"))
       (ELSEIF (AND (EQUALS (VAR "opcode__at_0") 22)
                    (EQUALS (VAR "fplo_at_0") 34)
                    (EQUALS (VAR "fphi_at_0") 7))
         (DECISION _ "Found instruction multud"))
       (ELSEIF (AND (EQUALS (VAR "opcode__at_0") 22)
                    (EQUALS (VAR "fplo_at_0") 34)
                    (EQUALS (VAR "fphi_at_0") 5))
         (DECISION _ "Found instruction multum"))
       (ELSEIF (AND (EQUALS (VAR "opcode__at_0") 22)
                    (EQUALS (VAR "fplo_at_0") 34)
                    (EQUALS (VAR "fphi_at_0") 4))
         (DECISION _ "Found instruction multuc"))
       (ELSEIF (AND (EQUALS (VAR "opcode__at_0") 22)
                    (EQUALS (VAR "fplo_at_0") 34)
                    (EQUALS (VAR "fphi_at_0") 6))
         (DECISION _ "Found instruction multu"))
       (ELSEIF (AND (EQUALS (VAR "opcode__at_0") 22)
                    (EQUALS (VAR "fplo_at_0") 34)
                    (EQUALS (VAR "fphi_at_0") 3))
         (DECISION _ "Found instruction multd"))
       (ELSEIF (AND (EQUALS (VAR "opcode__at_0") 22)
                    (EQUALS (VAR "fplo_at_0") 34)
                    (EQUALS (VAR "fphi_at_0") 1))
         (DECISION _ "Found instruction multm"))
       (ELSEIF (AND (EQUALS (VAR "opcode__at_0") 22)
                    (EQUALS (VAR "fplo_at_0") 34)
                    (EQUALS (VAR "fphi_at_0") 0))
         (DECISION _ "Found instruction multc"))
       (ELSEIF (AND (EQUALS (VAR "opcode__at_0") 22)
                    (EQUALS (VAR "fplo_at_0") 34)
                    (EQUALS (VAR "fphi_at_0") 2))
         (DECISION _ "Found instruction multnone"))
       (ELSEIF (AND (EQUALS (VAR "opcode__at_0") 22)
                    (EQUALS (VAR "fplo_at_0") 2)
                    (EQUALS (VAR "fphi_at_0") 31))
         (DECISION _ "Found instruction mulssuid"))
       (ELSEIF (AND (EQUALS (VAR "opcode__at_0") 22)
                    (EQUALS (VAR "fplo_at_0") 2)
                    (EQUALS (VAR "fphi_at_0") 29))
         (DECISION _ "Found instruction mulssuim"))
       (ELSEIF (AND (EQUALS (VAR "opcode__at_0") 22)
                    (EQUALS (VAR "fplo_at_0") 2)
                    (EQUALS (VAR "fphi_at_0") 28))
         (DECISION _ "Found instruction mulssuic"))
       (ELSEIF (AND (EQUALS (VAR "opcode__at_0") 22)
                    (EQUALS (VAR "fplo_at_0") 2)
                    (EQUALS (VAR "fphi_at_0") 30))
         (DECISION _ "Found instruction mulssui"))
       (ELSEIF (AND (EQUALS (VAR "opcode__at_0") 22)
                    (EQUALS (VAR "fplo_at_0") 2)
                    (EQUALS (VAR "fphi_at_0") 23))
         (DECISION _ "Found instruction mulssud"))
       (ELSEIF (AND (EQUALS (VAR "opcode__at_0") 22)
                    (EQUALS (VAR "fplo_at_0") 2)
                    (EQUALS (VAR "fphi_at_0") 21))
         (DECISION _ "Found instruction mulssum"))
       (ELSEIF (AND (EQUALS (VAR "opcode__at_0") 22)
                    (EQUALS (VAR "fplo_at_0") 2)
                    (EQUALS (VAR "fphi_at_0") 20))
         (DECISION _ "Found instruction mulssuc"))
       (ELSEIF (AND (EQUALS (VAR "opcode__at_0") 22)
                    (EQUALS (VAR "fplo_at_0") 2)
                    (EQUALS (VAR "fphi_at_0") 22))
         (DECISION _ "Found instruction mulssu"))
       (ELSEIF (AND (EQUALS (VAR "opcode__at_0") 22)
                    (EQUALS (VAR "fplo_at_0") 2)
                    (EQUALS (VAR "fphi_at_0") 7))
         (DECISION _ "Found instruction mulsud"))
       (ELSEIF (AND (EQUALS (VAR "opcode__at_0") 22)
                    (EQUALS (VAR "fplo_at_0") 2)
                    (EQUALS (VAR "fphi_at_0") 5))
         (DECISION _ "Found instruction mulsum"))
       (ELSEIF (AND (EQUALS (VAR "opcode__at_0") 22)
                    (EQUALS (VAR "fplo_at_0") 2)
                    (EQUALS (VAR "fphi_at_0") 4))
         (DECISION _ "Found instruction mulsuc"))
       (ELSEIF (AND (EQUALS (VAR "opcode__at_0") 22)
                    (EQUALS (VAR "fplo_at_0") 2)
                    (EQUALS (VAR "fphi_at_0") 6))
         (DECISION _ "Found instruction mulsu"))
       (ELSEIF (AND (EQUALS (VAR "opcode__at_0") 22)
                    (EQUALS (VAR "fplo_at_0") 2)
                    (EQUALS (VAR "fphi_at_0") 3))
         (DECISION _ "Found instruction mulsd"))
       (ELSEIF (AND (EQUALS (VAR "opcode__at_0") 22)
                    (EQUALS (VAR "fplo_at_0") 2)
                    (EQUALS (VAR "fphi_at_0") 1))
         (DECISION _ "Found instruction mulsm"))
       (ELSEIF (AND (EQUALS (VAR "opcode__at_0") 22)
                    (EQUALS (VAR "fplo_at_0") 2)
                    (EQUALS (VAR "fphi_at_0") 0))
         (DECISION _ "Found instruction mulsc"))
       (ELSEIF (AND (EQUALS (VAR "opcode__at_0") 22)
                    (EQUALS (VAR "fplo_at_0") 2)
                    (EQUALS (VAR "fphi_at_0") 2))
         (DECISION _ "Found instruction mulsnone"))
       (ELSEIF (AND (EQUALS (VAR "opcode__at_0") 22)
                    (EQUALS (VAR "fplo_at_0") 35)
                    (EQUALS (VAR "fphi_at_0") 31))
         (DECISION _ "Found instruction divtsuid"))
       (ELSEIF (AND (EQUALS (VAR "opcode__at_0") 22)
                    (EQUALS (VAR "fplo_at_0") 35)
                    (EQUALS (VAR "fphi_at_0") 29))
         (DECISION _ "Found instruction divtsuim"))
       (ELSEIF (AND (EQUALS (VAR "opcode__at_0") 22)
                    (EQUALS (VAR "fplo_at_0") 35)
                    (EQUALS (VAR "fphi_at_0") 28))
         (DECISION _ "Found instruction divtsuic"))
       (ELSEIF (AND (EQUALS (VAR "opcode__at_0") 22)
                    (EQUALS (VAR "fplo_at_0") 35)
                    (EQUALS (VAR "fphi_at_0") 30))
         (DECISION _ "Found instruction divtsui"))
       (ELSEIF (AND (EQUALS (VAR "opcode__at_0") 22)
                    (EQUALS (VAR "fplo_at_0") 35)
                    (EQUALS (VAR "fphi_at_0") 23))
         (DECISION _ "Found instruction divtsud"))
       (ELSEIF (AND (EQUALS (VAR "opcode__at_0") 22)
                    (EQUALS (VAR "fplo_at_0") 35)
                    (EQUALS (VAR "fphi_at_0") 21))
         (DECISION _ "Found instruction divtsum"))
       (ELSEIF (AND (EQUALS (VAR "opcode__at_0") 22)
                    (EQUALS (VAR "fplo_at_0") 35)
                    (EQUALS (VAR "fphi_at_0") 20))
         (DECISION _ "Found instruction divtsuc"))
       (ELSEIF (AND (EQUALS (VAR "opcode__at_0") 22)
                    (EQUALS (VAR "fplo_at_0") 35)
                    (EQUALS (VAR "fphi_at_0") 22))
         (DECISION _ "Found instruction divtsu"))
       (ELSEIF (AND (EQUALS (VAR "opcode__at_0") 22)
                    (EQUALS (VAR "fplo_at_0") 35)
                    (EQUALS (VAR "fphi_at_0") 7))
         (DECISION _ "Found instruction divtud"))
       (ELSEIF (AND (EQUALS (VAR "opcode__at_0") 22)
                    (EQUALS (VAR "fplo_at_0") 35)
                    (EQUALS (VAR "fphi_at_0") 5))
         (DECISION _ "Found instruction divtum"))
       (ELSEIF (AND (EQUALS (VAR "opcode__at_0") 22)
                    (EQUALS (VAR "fplo_at_0") 35)
                    (EQUALS (VAR "fphi_at_0") 4))
         (DECISION _ "Found instruction divtuc"))
       (ELSEIF (AND (EQUALS (VAR "opcode__at_0") 22)
                    (EQUALS (VAR "fplo_at_0") 35)
                    (EQUALS (VAR "fphi_at_0") 6))
         (DECISION _ "Found instruction divtu"))
       (ELSEIF (AND (EQUALS (VAR "opcode__at_0") 22)
                    (EQUALS (VAR "fplo_at_0") 35)
                    (EQUALS (VAR "fphi_at_0") 3))
         (DECISION _ "Found instruction divtd"))
       (ELSEIF (AND (EQUALS (VAR "opcode__at_0") 22)
                    (EQUALS (VAR "fplo_at_0") 35)
                    (EQUALS (VAR "fphi_at_0") 1))
         (DECISION _ "Found instruction divtm"))
       (ELSEIF (AND (EQUALS (VAR "opcode__at_0") 22)
                    (EQUALS (VAR "fplo_at_0") 35)
                    (EQUALS (VAR "fphi_at_0") 0))
         (DECISION _ "Found instruction divtc"))
       (ELSEIF (AND (EQUALS (VAR "opcode__at_0") 22)
                    (EQUALS (VAR "fplo_at_0") 35)
                    (EQUALS (VAR "fphi_at_0") 2))
         (DECISION _ "Found instruction divtnone"))
       (ELSEIF (AND (EQUALS (VAR "opcode__at_0") 22)
                    (EQUALS (VAR "fplo_at_0") 3)
                    (EQUALS (VAR "fphi_at_0") 31))
         (DECISION _ "Found instruction divssuid"))
       (ELSEIF (AND (EQUALS (VAR "opcode__at_0") 22)
                    (EQUALS (VAR "fplo_at_0") 3)
                    (EQUALS (VAR "fphi_at_0") 29))
         (DECISION _ "Found instruction divssuim"))
       (ELSEIF (AND (EQUALS (VAR "opcode__at_0") 22)
                    (EQUALS (VAR "fplo_at_0") 3)
                    (EQUALS (VAR "fphi_at_0") 28))
         (DECISION _ "Found instruction divssuic"))
       (ELSEIF (AND (EQUALS (VAR "opcode__at_0") 22)
                    (EQUALS (VAR "fplo_at_0") 3)
                    (EQUALS (VAR "fphi_at_0") 30))
         (DECISION _ "Found instruction divssui"))
       (ELSEIF (AND (EQUALS (VAR "opcode__at_0") 22)
                    (EQUALS (VAR "fplo_at_0") 3)
                    (EQUALS (VAR "fphi_at_0") 23))
         (DECISION _ "Found instruction divssud"))
       (ELSEIF (AND (EQUALS (VAR "opcode__at_0") 22)
                    (EQUALS (VAR "fplo_at_0") 3)
                    (EQUALS (VAR "fphi_at_0") 21))
         (DECISION _ "Found instruction divssum"))
       (ELSEIF (AND (EQUALS (VAR "opcode__at_0") 22)
                    (EQUALS (VAR "fplo_at_0") 3)
                    (EQUALS (VAR "fphi_at_0") 20))
         (DECISION _ "Found instruction divssuc"))
       (ELSEIF (AND (EQUALS (VAR "opcode__at_0") 22)
                    (EQUALS (VAR "fplo_at_0") 3)
                    (EQUALS (VAR "fphi_at_0") 22))
         (DECISION _ "Found instruction divssu"))
       (ELSEIF (AND (EQUALS (VAR "opcode__at_0") 22)
                    (EQUALS (VAR "fplo_at_0") 3)
                    (EQUALS (VAR "fphi_at_0") 7))
         (DECISION _ "Found instruction divsud"))
       (ELSEIF (AND (EQUALS (VAR "opcode__at_0") 22)
                    (EQUALS (VAR "fplo_at_0") 3)
                    (EQUALS (VAR "fphi_at_0") 5))
         (DECISION _ "Found instruction divsum"))
       (ELSEIF (AND (EQUALS (VAR "opcode__at_0") 22)
                    (EQUALS (VAR "fplo_at_0") 3)
                    (EQUALS (VAR "fphi_at_0") 4))
         (DECISION _ "Found instruction divsuc"))
       (ELSEIF (AND (EQUALS (VAR "opcode__at_0") 22)
                    (EQUALS (VAR "fplo_at_0") 3)
                    (EQUALS (VAR "fphi_at_0") 6))
         (DECISION _ "Found instruction divsu"))
       (ELSEIF (AND (EQUALS (VAR "opcode__at_0") 22)
                    (EQUALS (VAR "fplo_at_0") 3)
                    (EQUALS (VAR "fphi_at_0") 3))
         (DECISION _ "Found instruction divsd"))
       (ELSEIF (AND (EQUALS (VAR "opcode__at_0") 22)
                    (EQUALS (VAR "fplo_at_0") 3)
                    (EQUALS (VAR "fphi_at_0") 1))
         (DECISION _ "Found instruction divsm"))
       (ELSEIF (AND (EQUALS (VAR "opcode__at_0") 22)
                    (EQUALS (VAR "fplo_at_0") 3)
                    (EQUALS (VAR "fphi_at_0") 0))
         (DECISION _ "Found instruction divsc"))
       (ELSEIF (AND (EQUALS (VAR "opcode__at_0") 22)
                    (EQUALS (VAR "fplo_at_0") 3)
                    (EQUALS (VAR "fphi_at_0") 2))
         (DECISION _ "Found instruction divsnone"))
       (ELSEIF (AND (EQUALS (VAR "opcode__at_0") 22)
                    (EQUALS (VAR "fplo_at_0") 32)
                    (EQUALS (VAR "fphi_at_0") 31))
         (DECISION _ "Found instruction addtsuid"))
       (ELSEIF (AND (EQUALS (VAR "opcode__at_0") 22)
                    (EQUALS (VAR "fplo_at_0") 32)
                    (EQUALS (VAR "fphi_at_0") 29))
         (DECISION _ "Found instruction addtsuim"))
       (ELSEIF (AND (EQUALS (VAR "opcode__at_0") 22)
                    (EQUALS (VAR "fplo_at_0") 32)
                    (EQUALS (VAR "fphi_at_0") 28))
         (DECISION _ "Found instruction addtsuic"))
       (ELSEIF (AND (EQUALS (VAR "opcode__at_0") 22)
                    (EQUALS (VAR "fplo_at_0") 32)
                    (EQUALS (VAR "fphi_at_0") 30))
         (DECISION _ "Found instruction addtsui"))
       (ELSEIF (AND (EQUALS (VAR "opcode__at_0") 22)
                    (EQUALS (VAR "fplo_at_0") 32)
                    (EQUALS (VAR "fphi_at_0") 23))
         (DECISION _ "Found instruction addtsud"))
       (ELSEIF (AND (EQUALS (VAR "opcode__at_0") 22)
                    (EQUALS (VAR "fplo_at_0") 32)
                    (EQUALS (VAR "fphi_at_0") 21))
         (DECISION _ "Found instruction addtsum"))
       (ELSEIF (AND (EQUALS (VAR "opcode__at_0") 22)
                    (EQUALS (VAR "fplo_at_0") 32)
                    (EQUALS (VAR "fphi_at_0") 20))
         (DECISION _ "Found instruction addtsuc"))
       (ELSEIF (AND (EQUALS (VAR "opcode__at_0") 22)
                    (EQUALS (VAR "fplo_at_0") 32)
                    (EQUALS (VAR "fphi_at_0") 22))
         (DECISION _ "Found instruction addtsu"))
       (ELSEIF (AND (EQUALS (VAR "opcode__at_0") 22)
                    (EQUALS (VAR "fplo_at_0") 32)
                    (EQUALS (VAR "fphi_at_0") 7))
         (DECISION _ "Found instruction addtud"))
       (ELSEIF (AND (EQUALS (VAR "opcode__at_0") 22)
                    (EQUALS (VAR "fplo_at_0") 32)
                    (EQUALS (VAR "fphi_at_0") 5))
         (DECISION _ "Found instruction addtum"))
       (ELSEIF (AND (EQUALS (VAR "opcode__at_0") 22)
                    (EQUALS (VAR "fplo_at_0") 32)
                    (EQUALS (VAR "fphi_at_0") 4))
         (DECISION _ "Found instruction addtuc"))
       (ELSEIF (AND (EQUALS (VAR "opcode__at_0") 22)
                    (EQUALS (VAR "fplo_at_0") 32)
                    (EQUALS (VAR "fphi_at_0") 6))
         (DECISION _ "Found instruction addtu"))
       (ELSEIF (AND (EQUALS (VAR "opcode__at_0") 22)
                    (EQUALS (VAR "fplo_at_0") 32)
                    (EQUALS (VAR "fphi_at_0") 3))
         (DECISION _ "Found instruction addtd"))
       (ELSEIF (AND (EQUALS (VAR "opcode__at_0") 22)
                    (EQUALS (VAR "fplo_at_0") 32)
                    (EQUALS (VAR "fphi_at_0") 1))
         (DECISION _ "Found instruction addtm"))
       (ELSEIF (AND (EQUALS (VAR "opcode__at_0") 22)
                    (EQUALS (VAR "fplo_at_0") 32)
                    (EQUALS (VAR "fphi_at_0") 0))
         (DECISION _ "Found instruction addtc"))
       (ELSEIF (AND (EQUALS (VAR "opcode__at_0") 22)
                    (EQUALS (VAR "fplo_at_0") 32)
                    (EQUALS (VAR "fphi_at_0") 2))
         (DECISION _ "Found instruction addtnone"))
       (ELSEIF (AND (EQUALS (VAR "opcode__at_0") 22)
                    (EQUALS (VAR "fplo_at_0") 0)
                    (EQUALS (VAR "fphi_at_0") 31))
         (DECISION _ "Found instruction addssuid"))
       (ELSEIF (AND (EQUALS (VAR "opcode__at_0") 22)
                    (EQUALS (VAR "fplo_at_0") 0)
                    (EQUALS (VAR "fphi_at_0") 29))
         (DECISION _ "Found instruction addssuim"))
       (ELSEIF (AND (EQUALS (VAR "opcode__at_0") 22)
                    (EQUALS (VAR "fplo_at_0") 0)
                    (EQUALS (VAR "fphi_at_0") 28))
         (DECISION _ "Found instruction addssuic"))
       (ELSEIF (AND (EQUALS (VAR "opcode__at_0") 22)
                    (EQUALS (VAR "fplo_at_0") 0)
                    (EQUALS (VAR "fphi_at_0") 30))
         (DECISION _ "Found instruction addssui"))
       (ELSEIF (AND (EQUALS (VAR "opcode__at_0") 22)
                    (EQUALS (VAR "fplo_at_0") 0)
                    (EQUALS (VAR "fphi_at_0") 23))
         (DECISION _ "Found instruction addssud"))
       (ELSEIF (AND (EQUALS (VAR "opcode__at_0") 22)
                    (EQUALS (VAR "fplo_at_0") 0)
                    (EQUALS (VAR "fphi_at_0") 21))
         (DECISION _ "Found instruction addssum"))
       (ELSEIF (AND (EQUALS (VAR "opcode__at_0") 22)
                    (EQUALS (VAR "fplo_at_0") 0)
                    (EQUALS (VAR "fphi_at_0") 20))
         (DECISION _ "Found instruction addssuc"))
       (ELSEIF (AND (EQUALS (VAR "opcode__at_0") 22)
                    (EQUALS (VAR "fplo_at_0") 0)
                    (EQUALS (VAR "fphi_at_0") 22))
         (DECISION _ "Found instruction addssu"))
       (ELSEIF (AND (EQUALS (VAR "opcode__at_0") 22)
                    (EQUALS (VAR "fplo_at_0") 0)
                    (EQUALS (VAR "fphi_at_0") 7))
         (DECISION _ "Found instruction addsud"))
       (ELSEIF (AND (EQUALS (VAR "opcode__at_0") 22)
                    (EQUALS (VAR "fplo_at_0") 0)
                    (EQUALS (VAR "fphi_at_0") 5))
         (DECISION _ "Found instruction addsum"))
       (ELSEIF (AND (EQUALS (VAR "opcode__at_0") 22)
                    (EQUALS (VAR "fplo_at_0") 0)
                    (EQUALS (VAR "fphi_at_0") 4))
         (DECISION _ "Found instruction addsuc"))
       (ELSEIF (AND (EQUALS (VAR "opcode__at_0") 22)
                    (EQUALS (VAR "fplo_at_0") 0)
                    (EQUALS (VAR "fphi_at_0") 6))
         (DECISION _ "Found instruction addsu"))
       (ELSEIF (AND (EQUALS (VAR "opcode__at_0") 22)
                    (EQUALS (VAR "fplo_at_0") 0)
                    (EQUALS (VAR "fphi_at_0") 3))
         (DECISION _ "Found instruction addsd"))
       (ELSEIF (AND (EQUALS (VAR "opcode__at_0") 22)
                    (EQUALS (VAR "fplo_at_0") 0)
                    (EQUALS (VAR "fphi_at_0") 1))
         (DECISION _ "Found instruction addsm"))
       (ELSEIF (AND (EQUALS (VAR "opcode__at_0") 22)
                    (EQUALS (VAR "fplo_at_0") 0)
                    (EQUALS (VAR "fphi_at_0") 0))
         (DECISION _ "Found instruction addsc"))
       (ELSEIF (AND (EQUALS (VAR "opcode__at_0") 22)
                    (EQUALS (VAR "fplo_at_0") 0)
                    (EQUALS (VAR "fphi_at_0") 2))
         (DECISION _ "Found instruction addsnone"))
       (ELSEIF (AND (EQUALS (VAR "opcode__at_0") 55))
         (DECISION _ "Found instruction fbgt"))
       (ELSEIF (AND (EQUALS (VAR "opcode__at_0") 54))
         (DECISION _ "Found instruction fbge"))
       (ELSEIF (AND (EQUALS (VAR "opcode__at_0") 53))
         (DECISION _ "Found instruction fbne"))
       (ELSEIF (AND (EQUALS (VAR "opcode__at_0") 51))
         (DECISION _ "Found instruction fble"))
       (ELSEIF (AND (EQUALS (VAR "opcode__at_0") 50))
         (DECISION _ "Found instruction fblt"))
       (ELSEIF (AND (EQUALS (VAR "opcode__at_0") 49))
         (DECISION _ "Found instruction fbeq"))
       (ELSEIF (AND (EQUALS (VAR "opcode__at_0") 39))
         (DECISION _ "Found instruction stt"))
       (ELSEIF (AND (EQUALS (VAR "opcode__at_0") 38))
         (DECISION _ "Found instruction sts"))
       (ELSEIF (AND (EQUALS (VAR "opcode__at_0") 37))
         (DECISION _ "Found instruction stg"))
       (ELSEIF (AND (EQUALS (VAR "opcode__at_0") 36))
         (DECISION _ "Found instruction stf"))
       (ELSEIF (AND (EQUALS (VAR "opcode__at_0") 35))
         (DECISION _ "Found instruction ldt"))
       (ELSEIF (AND (EQUALS (VAR "opcode__at_0") 34))
         (DECISION _ "Found instruction lds"))
       (ELSEIF (AND (EQUALS (VAR "opcode__at_0") 33))
         (DECISION _ "Found instruction ldg"))
       (ELSEIF (AND (EQUALS (VAR "opcode__at_0") 32))
         (DECISION _ "Found instruction ldf"))
       (ELSEIF (AND (EQUALS (VAR "opfmt_at_0") 1)
                    (EQUALS (VAR "opcode__at_0") 19)
                    (EQUALS (VAR "func_at_0") 48))
         (DECISION _ "Found instruction umulh"))
       (ELSEIF (AND (EQUALS (VAR "sbz_at_0") 0)
                    (EQUALS (VAR "opfmt_at_0") 0)
                    (EQUALS (VAR "opcode__at_0") 19)
                    (EQUALS (VAR "func_at_0") 48))
         (DECISION _ "Found instruction umulh"))
       (ELSEIF (AND (EQUALS (VAR "opfmt_at_0") 1)
                    (EQUALS (VAR "opcode__at_0") 19)
                    (EQUALS (VAR "func_at_0") 96))
         (DECISION _ "Found instruction mulqv"))
       (ELSEIF (AND (EQUALS (VAR "sbz_at_0") 0)
                    (EQUALS (VAR "opfmt_at_0") 0)
                    (EQUALS (VAR "opcode__at_0") 19)
                    (EQUALS (VAR "func_at_0") 96))
         (DECISION _ "Found instruction mulqv"))
       (ELSEIF (AND (EQUALS (VAR "opfmt_at_0") 1)
                    (EQUALS (VAR "opcode__at_0") 19)
                    (EQUALS (VAR "func_at_0") 32))
         (DECISION _ "Found instruction mulq"))
       (ELSEIF (AND (EQUALS (VAR "sbz_at_0") 0)
                    (EQUALS (VAR "opfmt_at_0") 0)
                    (EQUALS (VAR "opcode__at_0") 19)
                    (EQUALS (VAR "func_at_0") 32))
         (DECISION _ "Found instruction mulq"))
       (ELSEIF (AND (EQUALS (VAR "opfmt_at_0") 1)
                    (EQUALS (VAR "opcode__at_0") 19)
                    (EQUALS (VAR "func_at_0") 64))
         (DECISION _ "Found instruction mullv"))
       (ELSEIF (AND (EQUALS (VAR "sbz_at_0") 0)
                    (EQUALS (VAR "opfmt_at_0") 0)
                    (EQUALS (VAR "opcode__at_0") 19)
                    (EQUALS (VAR "func_at_0") 64))
         (DECISION _ "Found instruction mullv"))
       (ELSEIF (AND (EQUALS (VAR "opfmt_at_0") 1)
                    (EQUALS (VAR "opcode__at_0") 19)
                    (EQUALS (VAR "func_at_0") 0))
         (DECISION _ "Found instruction mull"))
       (ELSEIF (AND (EQUALS (VAR "sbz_at_0") 0)
                    (EQUALS (VAR "opfmt_at_0") 0)
                    (EQUALS (VAR "opcode__at_0") 19)
                    (EQUALS (VAR "func_at_0") 0))
         (DECISION _ "Found instruction mull"))
       (ELSEIF (AND (EQUALS (VAR "opfmt_at_0") 1)
                    (EQUALS (VAR "opcode__at_0") 18)
                    (EQUALS (VAR "flo_at_0") 10)
                    (EQUALS (VAR "fhi_at_0") 7))
         (DECISION _ "Found instruction extqh"))
       (ELSEIF (AND (EQUALS (VAR "sbz_at_0") 0)
                    (EQUALS (VAR "opfmt_at_0") 0)
                    (EQUALS (VAR "opcode__at_0") 18)
                    (EQUALS (VAR "flo_at_0") 10)
                    (EQUALS (VAR "fhi_at_0") 7))
         (DECISION _ "Found instruction extqh"))
       (ELSEIF (AND (EQUALS (VAR "opfmt_at_0") 1)
                    (EQUALS (VAR "opcode__at_0") 18)
                    (EQUALS (VAR "flo_at_0") 7)
                    (EQUALS (VAR "fhi_at_0") 7))
         (DECISION _ "Found instruction insqh"))
       (ELSEIF (AND (EQUALS (VAR "sbz_at_0") 0)
                    (EQUALS (VAR "opfmt_at_0") 0)
                    (EQUALS (VAR "opcode__at_0") 18)
                    (EQUALS (VAR "flo_at_0") 7)
                    (EQUALS (VAR "fhi_at_0") 7))
         (DECISION _ "Found instruction insqh"))
       (ELSEIF (AND (EQUALS (VAR "opfmt_at_0") 1)
                    (EQUALS (VAR "opcode__at_0") 18)
                    (EQUALS (VAR "flo_at_0") 2)
                    (EQUALS (VAR "fhi_at_0") 7))
         (DECISION _ "Found instruction mskqh"))
       (ELSEIF (AND (EQUALS (VAR "sbz_at_0") 0)
                    (EQUALS (VAR "opfmt_at_0") 0)
                    (EQUALS (VAR "opcode__at_0") 18)
                    (EQUALS (VAR "flo_at_0") 2)
                    (EQUALS (VAR "fhi_at_0") 7))
         (DECISION _ "Found instruction mskqh"))
       (ELSEIF (AND (EQUALS (VAR "opfmt_at_0") 1)
                    (EQUALS (VAR "opcode__at_0") 18)
                    (EQUALS (VAR "flo_at_0") 10)
                    (EQUALS (VAR "fhi_at_0") 6))
         (DECISION _ "Found instruction extlh"))
       (ELSEIF (AND (EQUALS (VAR "sbz_at_0") 0)
                    (EQUALS (VAR "opfmt_at_0") 0)
                    (EQUALS (VAR "opcode__at_0") 18)
                    (EQUALS (VAR "flo_at_0") 10)
                    (EQUALS (VAR "fhi_at_0") 6))
         (DECISION _ "Found instruction extlh"))
       (ELSEIF (AND (EQUALS (VAR "opfmt_at_0") 1)
                    (EQUALS (VAR "opcode__at_0") 18)
                    (EQUALS (VAR "flo_at_0") 7)
                    (EQUALS (VAR "fhi_at_0") 6))
         (DECISION _ "Found instruction inslh"))
       (ELSEIF (AND (EQUALS (VAR "sbz_at_0") 0)
                    (EQUALS (VAR "opfmt_at_0") 0)
                    (EQUALS (VAR "opcode__at_0") 18)
                    (EQUALS (VAR "flo_at_0") 7)
                    (EQUALS (VAR "fhi_at_0") 6))
         (DECISION _ "Found instruction inslh"))
       (ELSEIF (AND (EQUALS (VAR "opfmt_at_0") 1)
                    (EQUALS (VAR "opcode__at_0") 18)
                    (EQUALS (VAR "flo_at_0") 2)
                    (EQUALS (VAR "fhi_at_0") 6))
         (DECISION _ "Found instruction msklh"))
       (ELSEIF (AND (EQUALS (VAR "sbz_at_0") 0)
                    (EQUALS (VAR "opfmt_at_0") 0)
                    (EQUALS (VAR "opcode__at_0") 18)
                    (EQUALS (VAR "flo_at_0") 2)
                    (EQUALS (VAR "fhi_at_0") 6))
         (DECISION _ "Found instruction msklh"))
       (ELSEIF (AND (EQUALS (VAR "opfmt_at_0") 1)
                    (EQUALS (VAR "opcode__at_0") 18)
                    (EQUALS (VAR "flo_at_0") 10)
                    (EQUALS (VAR "fhi_at_0") 5))
         (DECISION _ "Found instruction extwh"))
       (ELSEIF (AND (EQUALS (VAR "sbz_at_0") 0)
                    (EQUALS (VAR "opfmt_at_0") 0)
                    (EQUALS (VAR "opcode__at_0") 18)
                    (EQUALS (VAR "flo_at_0") 10)
                    (EQUALS (VAR "fhi_at_0") 5))
         (DECISION _ "Found instruction extwh"))
       (ELSEIF (AND (EQUALS (VAR "opfmt_at_0") 1)
                    (EQUALS (VAR "opcode__at_0") 18)
                    (EQUALS (VAR "flo_at_0") 7)
                    (EQUALS (VAR "fhi_at_0") 5))
         (DECISION _ "Found instruction inswh"))
       (ELSEIF (AND (EQUALS (VAR "sbz_at_0") 0)
                    (EQUALS (VAR "opfmt_at_0") 0)
                    (EQUALS (VAR "opcode__at_0") 18)
                    (EQUALS (VAR "flo_at_0") 7)
                    (EQUALS (VAR "fhi_at_0") 5))
         (DECISION _ "Found instruction inswh"))
       (ELSEIF (AND (EQUALS (VAR "opfmt_at_0") 1)
                    (EQUALS (VAR "opcode__at_0") 18)
                    (EQUALS (VAR "flo_at_0") 2)
                    (EQUALS (VAR "fhi_at_0") 5))
         (DECISION _ "Found instruction mskwh"))
       (ELSEIF (AND (EQUALS (VAR "sbz_at_0") 0)
                    (EQUALS (VAR "opfmt_at_0") 0)
                    (EQUALS (VAR "opcode__at_0") 18)
                    (EQUALS (VAR "flo_at_0") 2)
                    (EQUALS (VAR "fhi_at_0") 5))
         (DECISION _ "Found instruction mskwh"))
       (ELSEIF (AND (EQUALS (VAR "opfmt_at_0") 1)
                    (EQUALS (VAR "opcode__at_0") 18)
                    (EQUALS (VAR "flo_at_0") 12)
                    (EQUALS (VAR "fhi_at_0") 3))
         (DECISION _ "Found instruction sra"))
       (ELSEIF (AND (EQUALS (VAR "sbz_at_0") 0)
                    (EQUALS (VAR "opfmt_at_0") 0)
                    (EQUALS (VAR "opcode__at_0") 18)
                    (EQUALS (VAR "flo_at_0") 12)
                    (EQUALS (VAR "fhi_at_0") 3))
         (DECISION _ "Found instruction sra"))
       (ELSEIF (AND (EQUALS (VAR "opfmt_at_0") 1)
                    (EQUALS (VAR "opcode__at_0") 18)
                    (EQUALS (VAR "flo_at_0") 11)
                    (EQUALS (VAR "fhi_at_0") 3))
         (DECISION _ "Found instruction insql"))
       (ELSEIF (AND (EQUALS (VAR "sbz_at_0") 0)
                    (EQUALS (VAR "opfmt_at_0") 0)
                    (EQUALS (VAR "opcode__at_0") 18)
                    (EQUALS (VAR "flo_at_0") 11)
                    (EQUALS (VAR "fhi_at_0") 3))
         (DECISION _ "Found instruction insql"))
       (ELSEIF (AND (EQUALS (VAR "opfmt_at_0") 1)
                    (EQUALS (VAR "opcode__at_0") 18)
                    (EQUALS (VAR "flo_at_0") 9)
                    (EQUALS (VAR "fhi_at_0") 3))
         (DECISION _ "Found instruction sll"))
       (ELSEIF (AND (EQUALS (VAR "sbz_at_0") 0)
                    (EQUALS (VAR "opfmt_at_0") 0)
                    (EQUALS (VAR "opcode__at_0") 18)
                    (EQUALS (VAR "flo_at_0") 9)
                    (EQUALS (VAR "fhi_at_0") 3))
         (DECISION _ "Found instruction sll"))
       (ELSEIF (AND (EQUALS (VAR "opfmt_at_0") 1)
                    (EQUALS (VAR "opcode__at_0") 18)
                    (EQUALS (VAR "flo_at_0") 6)
                    (EQUALS (VAR "fhi_at_0") 3))
         (DECISION _ "Found instruction extql"))
       (ELSEIF (AND (EQUALS (VAR "sbz_at_0") 0)
                    (EQUALS (VAR "opfmt_at_0") 0)
                    (EQUALS (VAR "opcode__at_0") 18)
                    (EQUALS (VAR "flo_at_0") 6)
                    (EQUALS (VAR "fhi_at_0") 3))
         (DECISION _ "Found instruction extql"))
       (ELSEIF (AND (EQUALS (VAR "opfmt_at_0") 1)
                    (EQUALS (VAR "opcode__at_0") 18)
                    (EQUALS (VAR "flo_at_0") 4)
                    (EQUALS (VAR "fhi_at_0") 3))
         (DECISION _ "Found instruction srl"))
       (ELSEIF (AND (EQUALS (VAR "sbz_at_0") 0)
                    (EQUALS (VAR "opfmt_at_0") 0)
                    (EQUALS (VAR "opcode__at_0") 18)
                    (EQUALS (VAR "flo_at_0") 4)
                    (EQUALS (VAR "fhi_at_0") 3))
         (DECISION _ "Found instruction srl"))
       (ELSEIF (AND (EQUALS (VAR "opfmt_at_0") 1)
                    (EQUALS (VAR "opcode__at_0") 18)
                    (EQUALS (VAR "flo_at_0") 2)
                    (EQUALS (VAR "fhi_at_0") 3))
         (DECISION _ "Found instruction mskql"))
       (ELSEIF (AND (EQUALS (VAR "sbz_at_0") 0)
                    (EQUALS (VAR "opfmt_at_0") 0)
                    (EQUALS (VAR "opcode__at_0") 18)
                    (EQUALS (VAR "flo_at_0") 2)
                    (EQUALS (VAR "fhi_at_0") 3))
         (DECISION _ "Found instruction mskql"))
       (ELSEIF (AND (EQUALS (VAR "opfmt_at_0") 1)
                    (EQUALS (VAR "opcode__at_0") 18)
                    (EQUALS (VAR "flo_at_0") 1)
                    (EQUALS (VAR "fhi_at_0") 3))
         (DECISION _ "Found instruction zapnot"))
       (ELSEIF (AND (EQUALS (VAR "sbz_at_0") 0)
                    (EQUALS (VAR "opfmt_at_0") 0)
                    (EQUALS (VAR "opcode__at_0") 18)
                    (EQUALS (VAR "flo_at_0") 1)
                    (EQUALS (VAR "fhi_at_0") 3))
         (DECISION _ "Found instruction zapnot"))
       (ELSEIF (AND (EQUALS (VAR "opfmt_at_0") 1)
                    (EQUALS (VAR "opcode__at_0") 18)
                    (EQUALS (VAR "flo_at_0") 0)
                    (EQUALS (VAR "fhi_at_0") 3))
         (DECISION _ "Found instruction zap"))
       (ELSEIF (AND (EQUALS (VAR "sbz_at_0") 0)
                    (EQUALS (VAR "opfmt_at_0") 0)
                    (EQUALS (VAR "opcode__at_0") 18)
                    (EQUALS (VAR "flo_at_0") 0)
                    (EQUALS (VAR "fhi_at_0") 3))
         (DECISION _ "Found instruction zap"))
       (ELSEIF (AND (EQUALS (VAR "opfmt_at_0") 1)
                    (EQUALS (VAR "opcode__at_0") 18)
                    (EQUALS (VAR "flo_at_0") 11)
                    (EQUALS (VAR "fhi_at_0") 2))
         (DECISION _ "Found instruction insll"))
       (ELSEIF (AND (EQUALS (VAR "sbz_at_0") 0)
                    (EQUALS (VAR "opfmt_at_0") 0)
                    (EQUALS (VAR "opcode__at_0") 18)
                    (EQUALS (VAR "flo_at_0") 11)
                    (EQUALS (VAR "fhi_at_0") 2))
         (DECISION _ "Found instruction insll"))
       (ELSEIF (AND (EQUALS (VAR "opfmt_at_0") 1)
                    (EQUALS (VAR "opcode__at_0") 18)
                    (EQUALS (VAR "flo_at_0") 6)
                    (EQUALS (VAR "fhi_at_0") 2))
         (DECISION _ "Found instruction extll"))
       (ELSEIF (AND (EQUALS (VAR "sbz_at_0") 0)
                    (EQUALS (VAR "opfmt_at_0") 0)
                    (EQUALS (VAR "opcode__at_0") 18)
                    (EQUALS (VAR "flo_at_0") 6)
                    (EQUALS (VAR "fhi_at_0") 2))
         (DECISION _ "Found instruction extll"))
       (ELSEIF (AND (EQUALS (VAR "opfmt_at_0") 1)
                    (EQUALS (VAR "opcode__at_0") 18)
                    (EQUALS (VAR "flo_at_0") 2)
                    (EQUALS (VAR "fhi_at_0") 2))
         (DECISION _ "Found instruction mskll"))
       (ELSEIF (AND (EQUALS (VAR "sbz_at_0") 0)
                    (EQUALS (VAR "opfmt_at_0") 0)
                    (EQUALS (VAR "opcode__at_0") 18)
                    (EQUALS (VAR "flo_at_0") 2)
                    (EQUALS (VAR "fhi_at_0") 2))
         (DECISION _ "Found instruction mskll"))
       (ELSEIF (AND (EQUALS (VAR "opfmt_at_0") 1)
                    (EQUALS (VAR "opcode__at_0") 18)
                    (EQUALS (VAR "flo_at_0") 11)
                    (EQUALS (VAR "fhi_at_0") 1))
         (DECISION _ "Found instruction inswl"))
       (ELSEIF (AND (EQUALS (VAR "sbz_at_0") 0)
                    (EQUALS (VAR "opfmt_at_0") 0)
                    (EQUALS (VAR "opcode__at_0") 18)
                    (EQUALS (VAR "flo_at_0") 11)
                    (EQUALS (VAR "fhi_at_0") 1))
         (DECISION _ "Found instruction inswl"))
       (ELSEIF (AND (EQUALS (VAR "opfmt_at_0") 1)
                    (EQUALS (VAR "opcode__at_0") 18)
                    (EQUALS (VAR "flo_at_0") 6)
                    (EQUALS (VAR "fhi_at_0") 1))
         (DECISION _ "Found instruction extwl"))
       (ELSEIF (AND (EQUALS (VAR "sbz_at_0") 0)
                    (EQUALS (VAR "opfmt_at_0") 0)
                    (EQUALS (VAR "opcode__at_0") 18)
                    (EQUALS (VAR "flo_at_0") 6)
                    (EQUALS (VAR "fhi_at_0") 1))
         (DECISION _ "Found instruction extwl"))
       (ELSEIF (AND (EQUALS (VAR "opfmt_at_0") 1)
                    (EQUALS (VAR "opcode__at_0") 18)
                    (EQUALS (VAR "flo_at_0") 2)
                    (EQUALS (VAR "fhi_at_0") 1))
         (DECISION _ "Found instruction mskwl"))
       (ELSEIF (AND (EQUALS (VAR "sbz_at_0") 0)
                    (EQUALS (VAR "opfmt_at_0") 0)
                    (EQUALS (VAR "opcode__at_0") 18)
                    (EQUALS (VAR "flo_at_0") 2)
                    (EQUALS (VAR "fhi_at_0") 1))
         (DECISION _ "Found instruction mskwl"))
       (ELSEIF (AND (EQUALS (VAR "opfmt_at_0") 1)
                    (EQUALS (VAR "opcode__at_0") 18)
                    (EQUALS (VAR "flo_at_0") 11)
                    (EQUALS (VAR "fhi_at_0") 0))
         (DECISION _ "Found instruction insbl"))
       (ELSEIF (AND (EQUALS (VAR "sbz_at_0") 0)
                    (EQUALS (VAR "opfmt_at_0") 0)
                    (EQUALS (VAR "opcode__at_0") 18)
                    (EQUALS (VAR "flo_at_0") 11)
                    (EQUALS (VAR "fhi_at_0") 0))
         (DECISION _ "Found instruction insbl"))
       (ELSEIF (AND (EQUALS (VAR "opfmt_at_0") 1)
                    (EQUALS (VAR "opcode__at_0") 18)
                    (EQUALS (VAR "flo_at_0") 6)
                    (EQUALS (VAR "fhi_at_0") 0))
         (DECISION _ "Found instruction extbl"))
       (ELSEIF (AND (EQUALS (VAR "sbz_at_0") 0)
                    (EQUALS (VAR "opfmt_at_0") 0)
                    (EQUALS (VAR "opcode__at_0") 18)
                    (EQUALS (VAR "flo_at_0") 6)
                    (EQUALS (VAR "fhi_at_0") 0))
         (DECISION _ "Found instruction extbl"))
       (ELSEIF (AND (EQUALS (VAR "opfmt_at_0") 1)
                    (EQUALS (VAR "opcode__at_0") 18)
                    (EQUALS (VAR "flo_at_0") 2)
                    (EQUALS (VAR "fhi_at_0") 0))
         (DECISION _ "Found instruction mskbl"))
       (ELSEIF (AND (EQUALS (VAR "sbz_at_0") 0)
                    (EQUALS (VAR "opfmt_at_0") 0)
                    (EQUALS (VAR "opcode__at_0") 18)
                    (EQUALS (VAR "flo_at_0") 2)
                    (EQUALS (VAR "fhi_at_0") 0))
         (DECISION _ "Found instruction mskbl"))
       (ELSEIF (AND (EQUALS (VAR "opfmt_at_0") 1)
                    (EQUALS (VAR "opcode__at_0") 17)
                    (EQUALS (VAR "flo_at_0") 6)
                    (EQUALS (VAR "fhi_at_0") 6))
         (DECISION _ "Found instruction cmovgt"))
       (ELSEIF (AND (EQUALS (VAR "sbz_at_0") 0)
                    (EQUALS (VAR "opfmt_at_0") 0)
                    (EQUALS (VAR "opcode__at_0") 17)
                    (EQUALS (VAR "flo_at_0") 6)
                    (EQUALS (VAR "fhi_at_0") 6))
         (DECISION _ "Found instruction cmovgt"))
       (ELSEIF (AND (EQUALS (VAR "opfmt_at_0") 1)
                    (EQUALS (VAR "opcode__at_0") 17)
                    (EQUALS (VAR "flo_at_0") 4)
                    (EQUALS (VAR "fhi_at_0") 6))
         (DECISION _ "Found instruction cmovle"))
       (ELSEIF (AND (EQUALS (VAR "sbz_at_0") 0)
                    (EQUALS (VAR "opfmt_at_0") 0)
                    (EQUALS (VAR "opcode__at_0") 17)
                    (EQUALS (VAR "flo_at_0") 4)
                    (EQUALS (VAR "fhi_at_0") 6))
         (DECISION _ "Found instruction cmovle"))
       (ELSEIF (AND (EQUALS (VAR "opfmt_at_0") 1)
                    (EQUALS (VAR "opcode__at_0") 17)
                    (EQUALS (VAR "flo_at_0") 8)
                    (EQUALS (VAR "fhi_at_0") 4))
         (DECISION _ "Found instruction eqv"))
       (ELSEIF (AND (EQUALS (VAR "sbz_at_0") 0)
                    (EQUALS (VAR "opfmt_at_0") 0)
                    (EQUALS (VAR "opcode__at_0") 17)
                    (EQUALS (VAR "flo_at_0") 8)
                    (EQUALS (VAR "fhi_at_0") 4))
         (DECISION _ "Found instruction eqv"))
       (ELSEIF (AND (EQUALS (VAR "opfmt_at_0") 1)
                    (EQUALS (VAR "opcode__at_0") 17)
                    (EQUALS (VAR "flo_at_0") 6)
                    (EQUALS (VAR "fhi_at_0") 4))
         (DECISION _ "Found instruction cmovge"))
       (ELSEIF (AND (EQUALS (VAR "sbz_at_0") 0)
                    (EQUALS (VAR "opfmt_at_0") 0)
                    (EQUALS (VAR "opcode__at_0") 17)
                    (EQUALS (VAR "flo_at_0") 6)
                    (EQUALS (VAR "fhi_at_0") 4))
         (DECISION _ "Found instruction cmovge"))
       (ELSEIF (AND (EQUALS (VAR "opfmt_at_0") 1)
                    (EQUALS (VAR "opcode__at_0") 17)
                    (EQUALS (VAR "flo_at_0") 4)
                    (EQUALS (VAR "fhi_at_0") 4))
         (DECISION _ "Found instruction cmovlt"))
       (ELSEIF (AND (EQUALS (VAR "sbz_at_0") 0)
                    (EQUALS (VAR "opfmt_at_0") 0)
                    (EQUALS (VAR "opcode__at_0") 17)
                    (EQUALS (VAR "flo_at_0") 4)
                    (EQUALS (VAR "fhi_at_0") 4))
         (DECISION _ "Found instruction cmovlt"))
       (ELSEIF (AND (EQUALS (VAR "opfmt_at_0") 1)
                    (EQUALS (VAR "opcode__at_0") 17)
                    (EQUALS (VAR "flo_at_0") 0)
                    (EQUALS (VAR "fhi_at_0") 4))
         (DECISION _ "Found instruction xor"))
       (ELSEIF (AND (EQUALS (VAR "sbz_at_0") 0)
                    (EQUALS (VAR "opfmt_at_0") 0)
                    (EQUALS (VAR "opcode__at_0") 17)
                    (EQUALS (VAR "flo_at_0") 0)
                    (EQUALS (VAR "fhi_at_0") 4))
         (DECISION _ "Found instruction xor"))
       (ELSEIF (AND (EQUALS (VAR "opfmt_at_0") 1)
                    (EQUALS (VAR "opcode__at_0") 17)
                    (EQUALS (VAR "flo_at_0") 8)
                    (EQUALS (VAR "fhi_at_0") 2))
         (DECISION _ "Found instruction ornot"))
       (ELSEIF (AND (EQUALS (VAR "sbz_at_0") 0)
                    (EQUALS (VAR "opfmt_at_0") 0)
                    (EQUALS (VAR "opcode__at_0") 17)
                    (EQUALS (VAR "flo_at_0") 8)
                    (EQUALS (VAR "fhi_at_0") 2))
         (DECISION _ "Found instruction ornot"))
       (ELSEIF (AND (EQUALS (VAR "opfmt_at_0") 1)
                    (EQUALS (VAR "opcode__at_0") 17)
                    (EQUALS (VAR "flo_at_0") 6)
                    (EQUALS (VAR "fhi_at_0") 2))
         (DECISION _ "Found instruction cmovne"))
       (ELSEIF (AND (EQUALS (VAR "sbz_at_0") 0)
                    (EQUALS (VAR "opfmt_at_0") 0)
                    (EQUALS (VAR "opcode__at_0") 17)
                    (EQUALS (VAR "flo_at_0") 6)
                    (EQUALS (VAR "fhi_at_0") 2))
         (DECISION _ "Found instruction cmovne"))
       (ELSEIF (AND (EQUALS (VAR "opfmt_at_0") 1)
                    (EQUALS (VAR "opcode__at_0") 17)
                    (EQUALS (VAR "flo_at_0") 4)
                    (EQUALS (VAR "fhi_at_0") 2))
         (DECISION _ "Found instruction cmoveq"))
       (ELSEIF (AND (EQUALS (VAR "sbz_at_0") 0)
                    (EQUALS (VAR "opfmt_at_0") 0)
                    (EQUALS (VAR "opcode__at_0") 17)
                    (EQUALS (VAR "flo_at_0") 4)
                    (EQUALS (VAR "fhi_at_0") 2))
         (DECISION _ "Found instruction cmoveq"))
       (ELSEIF (AND (EQUALS (VAR "opfmt_at_0") 1)
                    (EQUALS (VAR "opcode__at_0") 17)
                    (EQUALS (VAR "flo_at_0") 6)
                    (EQUALS (VAR "fhi_at_0") 1))
         (DECISION _ "Found instruction cmovlbc"))
       (ELSEIF (AND (EQUALS (VAR "sbz_at_0") 0)
                    (EQUALS (VAR "opfmt_at_0") 0)
                    (EQUALS (VAR "opcode__at_0") 17)
                    (EQUALS (VAR "flo_at_0") 6)
                    (EQUALS (VAR "fhi_at_0") 1))
         (DECISION _ "Found instruction cmovlbc"))
       (ELSEIF (AND (EQUALS (VAR "opfmt_at_0") 1)
                    (EQUALS (VAR "opcode__at_0") 17)
                    (EQUALS (VAR "flo_at_0") 4)
                    (EQUALS (VAR "fhi_at_0") 1))
         (DECISION _ "Found instruction cmovlbs"))
       (ELSEIF (AND (EQUALS (VAR "sbz_at_0") 0)
                    (EQUALS (VAR "opfmt_at_0") 0)
                    (EQUALS (VAR "opcode__at_0") 17)
                    (EQUALS (VAR "flo_at_0") 4)
                    (EQUALS (VAR "fhi_at_0") 1))
         (DECISION _ "Found instruction cmovlbs"))
       (ELSEIF (AND (EQUALS (VAR "opfmt_at_0") 1)
                    (EQUALS (VAR "opcode__at_0") 17)
                    (EQUALS (VAR "flo_at_0") 8)
                    (EQUALS (VAR "fhi_at_0") 0))
         (DECISION _ "Found instruction bic"))
       (ELSEIF (AND (EQUALS (VAR "opfmt_at_0") 1)
                    (EQUALS (VAR "opcode__at_0") 17)
                    (EQUALS (VAR "flo_at_0") 0)
                    (EQUALS (VAR "fhi_at_0") 0))
         (DECISION _ "Found instruction and"))
       (ELSEIF (AND (EQUALS (VAR "sbz_at_0") 0)
                    (EQUALS (VAR "opfmt_at_0") 0)
                    (EQUALS (VAR "opcode__at_0") 17)
                    (EQUALS (VAR "flo_at_0") 0)
                    (EQUALS (VAR "fhi_at_0") 0))
         (DECISION _ "Found instruction and"))
       (ELSEIF (AND (EQUALS (VAR "opfmt_at_0") 1)
                    (EQUALS (VAR "opcode__at_0") 16)
                    (EQUALS (VAR "flo_at_0") 13)
                    (EQUALS (VAR "fhi_at_0") 6))
         (DECISION _ "Found instruction cmple"))
       (ELSEIF (AND (EQUALS (VAR "sbz_at_0") 0)
                    (EQUALS (VAR "opfmt_at_0") 0)
                    (EQUALS (VAR "opcode__at_0") 16)
                    (EQUALS (VAR "flo_at_0") 13)
                    (EQUALS (VAR "fhi_at_0") 6))
         (DECISION _ "Found instruction cmple"))
       (ELSEIF (AND (EQUALS (VAR "opfmt_at_0") 1)
                    (EQUALS (VAR "opcode__at_0") 16)
                    (EQUALS (VAR "flo_at_0") 9)
                    (EQUALS (VAR "fhi_at_0") 6))
         (DECISION _ "Found instruction subqv"))
       (ELSEIF (AND (EQUALS (VAR "sbz_at_0") 0)
                    (EQUALS (VAR "opfmt_at_0") 0)
                    (EQUALS (VAR "opcode__at_0") 16)
                    (EQUALS (VAR "flo_at_0") 9)
                    (EQUALS (VAR "fhi_at_0") 6))
         (DECISION _ "Found instruction subqv"))
       (ELSEIF (AND (EQUALS (VAR "opfmt_at_0") 1)
                    (EQUALS (VAR "opcode__at_0") 16)
                    (EQUALS (VAR "flo_at_0") 0)
                    (EQUALS (VAR "fhi_at_0") 6))
         (DECISION _ "Found instruction addqv"))
       (ELSEIF (AND (EQUALS (VAR "sbz_at_0") 0)
                    (EQUALS (VAR "opfmt_at_0") 0)
                    (EQUALS (VAR "opcode__at_0") 16)
                    (EQUALS (VAR "flo_at_0") 0)
                    (EQUALS (VAR "fhi_at_0") 6))
         (DECISION _ "Found instruction addqv"))
       (ELSEIF (AND (EQUALS (VAR "opfmt_at_0") 1)
                    (EQUALS (VAR "opcode__at_0") 16)
                    (EQUALS (VAR "flo_at_0") 13)
                    (EQUALS (VAR "fhi_at_0") 4))
         (DECISION _ "Found instruction cmplt"))
       (ELSEIF (AND (EQUALS (VAR "sbz_at_0") 0)
                    (EQUALS (VAR "opfmt_at_0") 0)
                    (EQUALS (VAR "opcode__at_0") 16)
                    (EQUALS (VAR "flo_at_0") 13)
                    (EQUALS (VAR "fhi_at_0") 4))
         (DECISION _ "Found instruction cmplt"))
       (ELSEIF (AND (EQUALS (VAR "opfmt_at_0") 1)
                    (EQUALS (VAR "opcode__at_0") 16)
                    (EQUALS (VAR "flo_at_0") 9)
                    (EQUALS (VAR "fhi_at_0") 4))
         (DECISION _ "Found instruction sublv"))
       (ELSEIF (AND (EQUALS (VAR "sbz_at_0") 0)
                    (EQUALS (VAR "opfmt_at_0") 0)
                    (EQUALS (VAR "opcode__at_0") 16)
                    (EQUALS (VAR "flo_at_0") 9)
                    (EQUALS (VAR "fhi_at_0") 4))
         (DECISION _ "Found instruction sublv"))
       (ELSEIF (AND (EQUALS (VAR "opfmt_at_0") 1)
                    (EQUALS (VAR "opcode__at_0") 16)
                    (EQUALS (VAR "flo_at_0") 0)
                    (EQUALS (VAR "fhi_at_0") 4))
         (DECISION _ "Found instruction addlv"))
       (ELSEIF (AND (EQUALS (VAR "sbz_at_0") 0)
                    (EQUALS (VAR "opfmt_at_0") 0)
                    (EQUALS (VAR "opcode__at_0") 16)
                    (EQUALS (VAR "flo_at_0") 0)
                    (EQUALS (VAR "fhi_at_0") 4))
         (DECISION _ "Found instruction addlv"))
       (ELSEIF (AND (EQUALS (VAR "opfmt_at_0") 1)
                    (EQUALS (VAR "opcode__at_0") 16)
                    (EQUALS (VAR "flo_at_0") 13)
                    (EQUALS (VAR "fhi_at_0") 3))
         (DECISION _ "Found instruction cmpule"))
       (ELSEIF (AND (EQUALS (VAR "sbz_at_0") 0)
                    (EQUALS (VAR "opfmt_at_0") 0)
                    (EQUALS (VAR "opcode__at_0") 16)
                    (EQUALS (VAR "flo_at_0") 13)
                    (EQUALS (VAR "fhi_at_0") 3))
         (DECISION _ "Found instruction cmpule"))
       (ELSEIF (AND (EQUALS (VAR "opfmt_at_0") 1)
                    (EQUALS (VAR "opcode__at_0") 16)
                    (EQUALS (VAR "flo_at_0") 11)
                    (EQUALS (VAR "fhi_at_0") 3))
         (DECISION _ "Found instruction s8subq"))
       (ELSEIF (AND (EQUALS (VAR "sbz_at_0") 0)
                    (EQUALS (VAR "opfmt_at_0") 0)
                    (EQUALS (VAR "opcode__at_0") 16)
                    (EQUALS (VAR "flo_at_0") 11)
                    (EQUALS (VAR "fhi_at_0") 3))
         (DECISION _ "Found instruction s8subq"))
       (ELSEIF (AND (EQUALS (VAR "opfmt_at_0") 1)
                    (EQUALS (VAR "opcode__at_0") 16)
                    (EQUALS (VAR "flo_at_0") 2)
                    (EQUALS (VAR "fhi_at_0") 3))
         (DECISION _ "Found instruction s8addq"))
       (ELSEIF (AND (EQUALS (VAR "sbz_at_0") 0)
                    (EQUALS (VAR "opfmt_at_0") 0)
                    (EQUALS (VAR "opcode__at_0") 16)
                    (EQUALS (VAR "flo_at_0") 2)
                    (EQUALS (VAR "fhi_at_0") 3))
         (DECISION _ "Found instruction s8addq"))
       (ELSEIF (AND (EQUALS (VAR "opfmt_at_0") 1)
                    (EQUALS (VAR "opcode__at_0") 16)
                    (EQUALS (VAR "flo_at_0") 13)
                    (EQUALS (VAR "fhi_at_0") 2))
         (DECISION _ "Found instruction cmpeq"))
       (ELSEIF (AND (EQUALS (VAR "sbz_at_0") 0)
                    (EQUALS (VAR "opfmt_at_0") 0)
                    (EQUALS (VAR "opcode__at_0") 16)
                    (EQUALS (VAR "flo_at_0") 13)
                    (EQUALS (VAR "fhi_at_0") 2))
         (DECISION _ "Found instruction cmpeq"))
       (ELSEIF (AND (EQUALS (VAR "opfmt_at_0") 1)
                    (EQUALS (VAR "opcode__at_0") 16)
                    (EQUALS (VAR "flo_at_0") 11)
                    (EQUALS (VAR "fhi_at_0") 2))
         (DECISION _ "Found instruction s4subq"))
       (ELSEIF (AND (EQUALS (VAR "sbz_at_0") 0)
                    (EQUALS (VAR "opfmt_at_0") 0)
                    (EQUALS (VAR "opcode__at_0") 16)
                    (EQUALS (VAR "flo_at_0") 11)
                    (EQUALS (VAR "fhi_at_0") 2))
         (DECISION _ "Found instruction s4subq"))
       (ELSEIF (AND (EQUALS (VAR "opfmt_at_0") 1)
                    (EQUALS (VAR "opcode__at_0") 16)
                    (EQUALS (VAR "flo_at_0") 9)
                    (EQUALS (VAR "fhi_at_0") 2))
         (DECISION _ "Found instruction subq"))
       (ELSEIF (AND (EQUALS (VAR "sbz_at_0") 0)
                    (EQUALS (VAR "opfmt_at_0") 0)
                    (EQUALS (VAR "opcode__at_0") 16)
                    (EQUALS (VAR "flo_at_0") 9)
                    (EQUALS (VAR "fhi_at_0") 2))
         (DECISION _ "Found instruction subq"))
       (ELSEIF (AND (EQUALS (VAR "opfmt_at_0") 1)
                    (EQUALS (VAR "opcode__at_0") 16)
                    (EQUALS (VAR "flo_at_0") 2)
                    (EQUALS (VAR "fhi_at_0") 2))
         (DECISION _ "Found instruction s4addq"))
       (ELSEIF (AND (EQUALS (VAR "sbz_at_0") 0)
                    (EQUALS (VAR "opfmt_at_0") 0)
                    (EQUALS (VAR "opcode__at_0") 16)
                    (EQUALS (VAR "flo_at_0") 2)
                    (EQUALS (VAR "fhi_at_0") 2))
         (DECISION _ "Found instruction s4addq"))
       (ELSEIF (AND (EQUALS (VAR "opfmt_at_0") 1)
                    (EQUALS (VAR "opcode__at_0") 16)
                    (EQUALS (VAR "flo_at_0") 0)
                    (EQUALS (VAR "fhi_at_0") 2))
         (DECISION _ "Found instruction addq"))
       (ELSEIF (AND (EQUALS (VAR "sbz_at_0") 0)
                    (EQUALS (VAR "opfmt_at_0") 0)
                    (EQUALS (VAR "opcode__at_0") 16)
                    (EQUALS (VAR "flo_at_0") 0)
                    (EQUALS (VAR "fhi_at_0") 2))
         (DECISION _ "Found instruction addq"))
       (ELSEIF (AND (EQUALS (VAR "opfmt_at_0") 1)
                    (EQUALS (VAR "opcode__at_0") 16)
                    (EQUALS (VAR "flo_at_0") 13)
                    (EQUALS (VAR "fhi_at_0") 1))
         (DECISION _ "Found instruction cmpult"))
       (ELSEIF (AND (EQUALS (VAR "sbz_at_0") 0)
                    (EQUALS (VAR "opfmt_at_0") 0)
                    (EQUALS (VAR "opcode__at_0") 16)
                    (EQUALS (VAR "flo_at_0") 13)
                    (EQUALS (VAR "fhi_at_0") 1))
         (DECISION _ "Found instruction cmpult"))
       (ELSEIF (AND (EQUALS (VAR "opfmt_at_0") 1)
                    (EQUALS (VAR "opcode__at_0") 16)
                    (EQUALS (VAR "flo_at_0") 11)
                    (EQUALS (VAR "fhi_at_0") 1))
         (DECISION _ "Found instruction s8subl"))
       (ELSEIF (AND (EQUALS (VAR "sbz_at_0") 0)
                    (EQUALS (VAR "opfmt_at_0") 0)
                    (EQUALS (VAR "opcode__at_0") 16)
                    (EQUALS (VAR "flo_at_0") 11)
                    (EQUALS (VAR "fhi_at_0") 1))
         (DECISION _ "Found instruction s8subl"))
       (ELSEIF (AND (EQUALS (VAR "opfmt_at_0") 1)
                    (EQUALS (VAR "opcode__at_0") 16)
                    (EQUALS (VAR "flo_at_0") 2)
                    (EQUALS (VAR "fhi_at_0") 1))
         (DECISION _ "Found instruction s8addl"))
       (ELSEIF (AND (EQUALS (VAR "sbz_at_0") 0)
                    (EQUALS (VAR "opfmt_at_0") 0)
                    (EQUALS (VAR "opcode__at_0") 16)
                    (EQUALS (VAR "flo_at_0") 2)
                    (EQUALS (VAR "fhi_at_0") 1))
         (DECISION _ "Found instruction s8addl"))
       (ELSEIF (AND (EQUALS (VAR "opfmt_at_0") 1)
                    (EQUALS (VAR "opcode__at_0") 16)
                    (EQUALS (VAR "flo_at_0") 15)
                    (EQUALS (VAR "fhi_at_0") 0))
         (DECISION _ "Found instruction cmpbge"))
       (ELSEIF (AND (EQUALS (VAR "sbz_at_0") 0)
                    (EQUALS (VAR "opfmt_at_0") 0)
                    (EQUALS (VAR "opcode__at_0") 16)
                    (EQUALS (VAR "flo_at_0") 15)
                    (EQUALS (VAR "fhi_at_0") 0))
         (DECISION _ "Found instruction cmpbge"))
       (ELSEIF (AND (EQUALS (VAR "opfmt_at_0") 1)
                    (EQUALS (VAR "opcode__at_0") 16)
                    (EQUALS (VAR "flo_at_0") 11)
                    (EQUALS (VAR "fhi_at_0") 0))
         (DECISION _ "Found instruction s4subl"))
       (ELSEIF (AND (EQUALS (VAR "sbz_at_0") 0)
                    (EQUALS (VAR "opfmt_at_0") 0)
                    (EQUALS (VAR "opcode__at_0") 16)
                    (EQUALS (VAR "flo_at_0") 11)
                    (EQUALS (VAR "fhi_at_0") 0))
         (DECISION _ "Found instruction s4subl"))
       (ELSEIF (AND (EQUALS (VAR "opfmt_at_0") 1)
                    (EQUALS (VAR "opcode__at_0") 16)
                    (EQUALS (VAR "flo_at_0") 9)
                    (EQUALS (VAR "fhi_at_0") 0))
         (DECISION _ "Found instruction subl"))
       (ELSEIF (AND (EQUALS (VAR "sbz_at_0") 0)
                    (EQUALS (VAR "opfmt_at_0") 0)
                    (EQUALS (VAR "opcode__at_0") 16)
                    (EQUALS (VAR "flo_at_0") 9)
                    (EQUALS (VAR "fhi_at_0") 0))
         (DECISION _ "Found instruction subl"))
       (ELSEIF (AND (EQUALS (VAR "opfmt_at_0") 1)
                    (EQUALS (VAR "opcode__at_0") 16)
                    (EQUALS (VAR "flo_at_0") 2)
                    (EQUALS (VAR "fhi_at_0") 0))
         (DECISION _ "Found instruction s4addl"))
       (ELSEIF (AND (EQUALS (VAR "sbz_at_0") 0)
                    (EQUALS (VAR "opfmt_at_0") 0)
                    (EQUALS (VAR "opcode__at_0") 16)
                    (EQUALS (VAR "flo_at_0") 2)
                    (EQUALS (VAR "fhi_at_0") 0))
         (DECISION _ "Found instruction s4addl"))
       (ELSEIF (AND (EQUALS (VAR "opfmt_at_0") 1)
                    (EQUALS (VAR "opcode__at_0") 16)
                    (EQUALS (VAR "flo_at_0") 0)
                    (EQUALS (VAR "fhi_at_0") 0))
         (DECISION _ "Found instruction addl"))
       (ELSEIF (AND (EQUALS (VAR "sbz_at_0") 0)
                    (EQUALS (VAR "opfmt_at_0") 0)
                    (EQUALS (VAR "opcode__at_0") 16)
                    (EQUALS (VAR "flo_at_0") 0)
                    (EQUALS (VAR "fhi_at_0") 0))
         (DECISION _ "Found instruction addl"))
       (ELSEIF (AND (EQUALS (VAR "opcode__at_0") 26)
                    (EQUALS (VAR "mop_at_0") 1))
         (DECISION _ "Found instruction jsr*"))
       (ELSEIF (AND (EQUALS (VAR "opcode__at_0") 26)
                    (EQUALS (VAR "mop_at_0") 0))
         (DECISION _ "Found instruction jmp*"))
       (ELSEIF (AND (EQUALS (VAR "opcode__at_0") 26)
                    (EQUALS (VAR "mop_at_0") 3)
                    (EQUALS (VAR "mhint_at_0") 0))
         (DECISION _ "Found instruction jsr_co"))
       (ELSEIF (AND (EQUALS (VAR "opcode__at_0") 26)
                    (EQUALS (VAR "mop_at_0") 3)
                    (EQUALS (VAR "mhint_at_0") 1))
         (DECISION _ "Found instruction jsr_co"))
       (ELSEIF (AND (EQUALS (VAR "opcode__at_0") 26)
                    (EQUALS (VAR "mop_at_0") 2)
                    (EQUALS (VAR "mhint_at_0") 0))
         (DECISION _ "Found instruction ret"))
       (ELSEIF (AND (EQUALS (VAR "opcode__at_0") 26)
                    (EQUALS (VAR "mop_at_0") 2)
                    (EQUALS (VAR "mhint_at_0") 1))
         (DECISION _ "Found instruction ret"))
       (ELSEIF (AND (EQUALS (VAR "opcode__at_0") 63))
         (DECISION _ "Found instruction bgt"))
       (ELSEIF (AND (EQUALS (VAR "opcode__at_0") 62))
         (DECISION _ "Found instruction bge"))
       (ELSEIF (AND (EQUALS (VAR "opcode__at_0") 61))
         (DECISION _ "Found instruction bne"))
       (ELSEIF (AND (EQUALS (VAR "opcode__at_0") 60))
         (DECISION _ "Found instruction blbs"))
       (ELSEIF (AND (EQUALS (VAR "opcode__at_0") 59))
         (DECISION _ "Found instruction ble"))
       (ELSEIF (AND (EQUALS (VAR "opcode__at_0") 58))
         (DECISION _ "Found instruction blt"))
       (ELSEIF (AND (EQUALS (VAR "opcode__at_0") 57))
         (DECISION _ "Found instruction beq"))
       (ELSEIF (AND (EQUALS (VAR "opcode__at_0") 56))
         (DECISION _ "Found instruction blbc"))
       (ELSEIF (AND (EQUALS (VAR "opcode__at_0") 52))
         (DECISION _ "Found instruction bsr"))
       (ELSEIF (AND (EQUALS (VAR "opcode__at_0") 48))
         (DECISION _ "Found instruction br"))
       (ELSEIF (AND (EQUALS (VAR "opcode__at_0") 15))
         (DECISION _ "Found instruction stq_u"))
       (ELSEIF (AND (EQUALS (VAR "opcode__at_0") 47))
         (DECISION _ "Found instruction stq_c"))
       (ELSEIF (AND (EQUALS (VAR "opcode__at_0") 46))
         (DECISION _ "Found instruction stl_c"))
       (ELSEIF (AND (EQUALS (VAR "opcode__at_0") 45))
         (DECISION _ "Found instruction stq"))
       (ELSEIF (AND (EQUALS (VAR "opcode__at_0") 44))
         (DECISION _ "Found instruction stl"))
       (ELSEIF (AND (EQUALS (VAR "opcode__at_0") 43))
         (DECISION _ "Found instruction ldq_l"))
       (ELSEIF (AND (EQUALS (VAR "opcode__at_0") 42))
         (DECISION _ "Found instruction ldl_l"))
       (ELSEIF (AND (EQUALS (VAR "opcode__at_0") 11))
         (DECISION _ "Found instruction ldq_u"))
       (ELSEIF (AND (EQUALS (VAR "opcode__at_0") 41))
         (DECISION _ "Found instruction ldq"))
       (ELSEIF (AND (EQUALS (VAR "opcode__at_0") 40))
         (DECISION _ "Found instruction ldl"))
       (ELSEIF (AND (EQUALS (VAR "opcode__at_0") 9))
         (DECISION _ "Found instruction ldah"))
       (ELSEIF (AND (EQUALS (VAR "opcode__at_0") 8))
         (DECISION _ "Found instruction lda")))
      (DECISION 1 "Did not find an instruction"))))
old size: 8976
new size: 8482
delta:494 (5.503565062388592% reduction)
