((1 (CASE (VAR "verb") ((ARM (0)
                         (DECISION _ "Yuck! What a horrible suggestion."))
                        (ARM (1)
                         (DECISION _ "Jarboe slaps you in the face, and you stagger back. ~Cut it out, you pathetic girl!~ he shouts. You start to cry, and the tears run down your cheeks."))
                        (ARM (23)
                         (DECISION _ "Jarboe knocks your offering aside contemptuously."))
                        (ARM (4)
                         (DECISION _ "~Shut up!~ growls Jarboe."))
                        (ARM (5)
                         (IF (EQUALS (VAR "location") 0)
                           (DECISION _ "~Aha! What have we here, then?~ Jarboe shouts exultantly.")
                           ()
                           (DECISION _ "~Rats!~ growls Jarboe.")))
                        (ARM (6)
                         (IF (EQUALS (VAR "DoorA5") 1)
                           (DECISION 2 "You hear the sound of a key turning int he door to Malcolm's room, and then the sound of the door opening.")
                           ()
                           (DECISION 2 "Through the doorway, you can hear voices coming from Malcom's study.  ~Well, Jarboe, I suppose we should have one more look,~ comes a deep voice.  ~I am sure that he has hidden it somewhere in here.~")))) (DECISION _ "Default")))
 (2 (CASE (VAR "verb") ((ARM (0)
                         (DECISION _ "Yuck! What a horrible suggestion."))
                        (ARM (1)
                         (DECISION _ "Jarboe slaps you in the face, and you stagger back. ~Cut it out, you pathetic girl!~ he shouts. You start to cry, and the tears run down your cheeks."))
                        (ARM (23)
                         (DECISION _ "Jarboe knocks your offering aside contemptuously."))
                        (ARM (4)
                         (DECISION _ "~Shut up!~ growls Jarboe."))
                        (ARM (5)
                         (IF (EQUALS (VAR "location") 0)
                           (DECISION _ "~Aha! What have we here, then?~ Jarboe shouts exultantly.")
                           ()
                           (DECISION _ "~Rats!~ growls Jarboe.")))
                        (ARM (6)
                         (DECISION 3 "Through the doorway, you can hear voices coming from Malcom's study."))) (DECISION _ "Default")))
 (3 (CASE (VAR "verb") ((ARM (0)
                         (DECISION _ "Yuck! What a horrible suggestion."))
                        (ARM (1)
                         (DECISION _ "Jarboe slaps you in the face, and you stagger back. ~Cut it out, you pathetic girl!~ he shouts. You start to cry, and the tears run down your cheeks."))
                        (ARM (23)
                         (DECISION _ "Jarboe knocks your offering aside contemptuously."))
                        (ARM (4)
                         (DECISION _ "~Shut up!~ growls Jarboe."))
                        (ARM (5)
                         (IF (EQUALS (VAR "location") 0)
                           (DECISION _ "~Aha! What have we here, then?~ Jarboe shouts exultantly.")
                           ()
                           (DECISION _ "~Rats!~ growls Jarboe.")))
                        (ARM (6)
                         (DECISION 4 "Through the doorway you can hear voices coming from Malcolm's study."))) (DECISION _ "Default")))
 (4 (CASE (VAR "verb") ((ARM (0)
                         (DECISION _ "Yuck! What a horrible suggestion."))
                        (ARM (1)
                         (DECISION _ "Jarboe slaps you in the face, and you stagger back. ~Cut it out, you pathetic girl!~ he shouts. You start to cry, and the tears run down your cheeks."))
                        (ARM (23)
                         (DECISION _ "Jarboe knocks your offering aside contemptuously."))
                        (ARM (4)
                         (DECISION _ "~Shut up!~ growls Jarboe."))
                        (ARM (5)
                         (IF (EQUALS (VAR "location") 0)
                           (DECISION _ "~Aha! What have we here, then?~ Jarboe shouts exultantly.")
                           ()
                           (DECISION _ "~Rats!~ growls Jarboe.")))
                        (ARM (6)
                         (DECISION 5 "Through the doorway you can hear voices coming from Malcolm's study."))) (DECISION _ "Default")))
 (5 (CASE (VAR "verb") ((ARM (0)
                         (DECISION _ "Yuck! What a horrible suggestion."))
                        (ARM (1)
                         (DECISION _ "Jarboe slaps you in the face, and you stagger back. ~Cut it out, you pathetic girl!~ he shouts. You start to cry, and the tears run down your cheeks."))
                        (ARM (23)
                         (DECISION _ "Jarboe knocks your offering aside contemptuously."))
                        (ARM (4)
                         (DECISION _ "~Shut up!~ growls Jarboe."))
                        (ARM (5)
                         (IF (EQUALS (VAR "location") 0)
                           (DECISION _ "~Aha! What have we here, then?~ Jarboe shouts exultantly.")
                           ()
                           (DECISION _ "~Rats!~ growls Jarboe.")))
                        (ARM (6)
                         (DECISION 6 "Someone says ~Hmm, not in my experience.~"))) (DECISION _ "Default")))
 (6 (CASE (VAR "verb") ((ARM (0)
                         (DECISION _ "Yuck! What a horrible suggestion."))
                        (ARM (1)
                         (DECISION _ "Jarboe slaps you in the face, and you stagger back. ~Cut it out, you pathetic girl!~ he shouts. You start to cry, and the tears run down your cheeks."))
                        (ARM (23)
                         (DECISION _ "Jarboe knocks your offering aside contemptuously."))
                        (ARM (4)
                         (DECISION _ "~Shut up!~ growls Jarboe."))
                        (ARM (5)
                         (IF (EQUALS (VAR "location") 0)
                           (DECISION _ "~Aha! What have we here, then?~ Jarboe shouts exultantly.")
                           ()
                           (DECISION _ "~Rats!~ growls Jarboe.")))
                        (ARM (6)
                         (DECISION 7 "Someone says ~Nothing here at all.~"))) (DECISION _ "Default")))
 (7 8 (CASE (VAR "verb") ((ARM (0)
                           (DECISION _ "Yuck! What a horrible suggestion."))
                          (ARM (1)
                           (DECISION _ "Jarboe slaps you in the face, and you stagger back. ~Cut it out, you pathetic girl!~ he shouts. You start to cry, and the tears run down your cheeks."))
                          (ARM (23)
                           (DECISION _ "Jarboe knocks your offering aside contemptuously."))
                          (ARM (4)
                           (DECISION _ "~Shut up!~ growls Jarboe."))
                          (ARM (5)
                           (IF (EQUALS (VAR "location") 0)
                             (DECISION _ "~Aha! What have we here, then?~ Jarboe shouts exultantly.")
                             ()
                             (DECISION _ "~Rats!~ growls Jarboe.")))
                          (ARM (6)
                           (DECISION 9 "~Well, well, well,~ says Jarboe to Bungay. ~What do we see here?~"))) (DECISION _ "Default")))
 (9 (CASE (VAR "verb") ((ARM (0)
                         (DECISION _ "Yuck! What a horrible suggestion."))
                        (ARM (1)
                         (DECISION _ "Jarboe slaps you in the face, and you stagger back. ~Cut it out, you pathetic girl!~ he shouts. You start to cry, and the tears run down your cheeks."))
                        (ARM (23)
                         (DECISION _ "Jarboe knocks your offering aside contemptuously."))
                        (ARM (4)
                         (DECISION _ "~Shut up!~ growls Jarboe."))
                        (ARM (5)
                         (IF (EQUALS (VAR "location") 0)
                           (DECISION _ "~Aha! What have we here, then?~ Jarboe shouts exultantly.")
                           ()
                           (DECISION _ "~Rats!~ growls Jarboe.")))
                        (ARM (6)
                         (DECISION 10 "~No, I rather thinks she's his sister,~ says Bungay."))) (DECISION _ "Default")))
 (10 (CASE (VAR "verb") ((ARM (0)
                          (DECISION _ "Yuck! What a horrible suggestion."))
                         (ARM (1)
                          (DECISION _ "Jarboe slaps you in the face, and you stagger back. ~Cut it out, you pathetic girl!~ he shouts. You start to cry, and the tears run down your cheeks."))
                         (ARM (23)
                          (DECISION _ "Jarboe knocks your offering aside contemptuously."))
                         (ARM (4)
                          (DECISION _ "~Shut up!~ growls Jarboe."))
                         (ARM (5)
                          (IF (EQUALS (VAR "location") 0)
                            (DECISION _ "~Aha! What have we here, then?~ Jarboe shouts exultantly.")
                            ()
                            (DECISION _ "~Rats!~ growls Jarboe.")))
                         (ARM (6)
                          (DECISION 11 ""))) (DECISION _ "Default")))
 (11 (CASE (VAR "verb") ((ARM (0)
                          (DECISION _ "Yuck! What a horrible suggestion."))
                         (ARM (1)
                          (DECISION _ "Jarboe slaps you in the face, and you stagger back. ~Cut it out, you pathetic girl!~ he shouts. You start to cry, and the tears run down your cheeks."))
                         (ARM (23)
                          (DECISION _ "Jarboe knocks your offering aside contemptuously."))
                         (ARM (4)
                          (DECISION _ "~Shut up!~ growls Jarboe."))
                         (ARM (5)
                          (IF (EQUALS (VAR "location") 0)
                            (DECISION _ "~Aha! What have we here, then?~ Jarboe shouts exultantly.")
                            ()
                            (DECISION _ "~Rats!~ growls Jarboe.")))
                         (ARM (6)
                          (DECISION 12 "Bungay turns to his colleague.  ~We've wasted enough time here, there's a lot to be done before this evening.~"))) (DECISION _ "Default")))
 (12 (CASE (VAR "verb") ((ARM (0)
                          (DECISION _ "Yuck! What a horrible suggestion."))
                         (ARM (1)
                          (DECISION _ "Jarboe slaps you in the face, and you stagger back. ~Cut it out, you pathetic girl!~ he shouts. You start to cry, and the tears run down your cheeks."))
                         (ARM (23)
                          (DECISION _ "Jarboe knocks your offering aside contemptuously."))
                         (ARM (4)
                          (DECISION _ "~Shut up!~ growls Jarboe."))
                         (ARM (5)
                          (IF (EQUALS (VAR "location") 0)
                            (DECISION _ "~Aha! What have we here, then?~ Jarboe shouts exultantly.")
                            ()
                            (DECISION _ "~Rats!~ growls Jarboe.")))
                         (ARM (6)
                          (DECISION 13 ""))) (DECISION _ "Default")))
 (13 (CASE (VAR "verb") ((ARM (0)
                          (DECISION _ "Yuck! What a horrible suggestion."))
                         (ARM (1)
                          (DECISION _ "Jarboe slaps you in the face, and you stagger back. ~Cut it out, you pathetic girl!~ he shouts. You start to cry, and the tears run down your cheeks."))
                         (ARM (23)
                          (DECISION _ "Jarboe knocks your offering aside contemptuously."))
                         (ARM (4)
                          (DECISION _ "~Shut up!~ growls Jarboe."))
                         (ARM (5)
                          (IF (EQUALS (VAR "location") 0)
                            (DECISION _ "~Aha! What have we here, then?~ Jarboe shouts exultantly.")
                            ()
                            (DECISION _ "~Rats!~ growls Jarboe.")))
                         (ARM (6)
                          (DECISION 14 ""))) (DECISION _ "Default")))
 (14 (CASE (VAR "verb") ((ARM (0)
                          (DECISION _ "Yuck! What a horrible suggestion."))
                         (ARM (1)
                          (DECISION _ "Jarboe slaps you in the face, and you stagger back. ~Cut it out, you pathetic girl!~ he shouts. You start to cry, and the tears run down your cheeks."))
                         (ARM (23)
                          (DECISION _ "Jarboe knocks your offering aside contemptuously."))
                         (ARM (4)
                          (DECISION _ "~Shut up!~ growls Jarboe."))
                         (ARM (5)
                          (IF (EQUALS (VAR "location") 0)
                            (DECISION _ "~Aha! What have we here, then?~ Jarboe shouts exultantly.")
                            ()
                            (DECISION _ "~Rats!~ growls Jarboe.")))
                         (ARM (6)
                          (DECISION 15 ""))) (DECISION _ "Default")))
 (15 (CASE (VAR "verb") ((ARM (0)
                          (DECISION _ "Yuck! What a horrible suggestion."))
                         (ARM (1)
                          (DECISION _ "Jarboe slaps you in the face, and you stagger back. ~Cut it out, you pathetic girl!~ he shouts. You start to cry, and the tears run down your cheeks."))
                         (ARM (23)
                          (DECISION _ "Jarboe knocks your offering aside contemptuously."))
                         (ARM (4)
                          (DECISION _ "~Shut up!~ growls Jarboe."))
                         (ARM (5)
                          (IF (EQUALS (VAR "location") 0)
                            (DECISION _ "~Aha! What have we here, then?~ Jarboe shouts exultantly.")
                            ()
                            (DECISION _ "~Rats!~ growls Jarboe.")))
                         (ARM (6)
                          (DECISION 16 ""))) (DECISION _ "Default")))
 (16 (CASE (VAR "verb") ((ARM (0)
                          (DECISION _ "Yuck! What a horrible suggestion."))
                         (ARM (1)
                          (DECISION _ "Jarboe slaps you in the face, and you stagger back. ~Cut it out, you pathetic girl!~ he shouts. You start to cry, and the tears run down your cheeks."))
                         (ARM (23)
                          (DECISION _ "Jarboe knocks your offering aside contemptuously."))
                         (ARM (4)
                          (DECISION _ "~Shut up!~ growls Jarboe."))
                         (ARM (5)
                          (IF (EQUALS (VAR "location") 0)
                            (DECISION _ "~Aha! What have we here, then?~ Jarboe shouts exultantly.")
                            ()
                            (DECISION _ "~Rats!~ growls Jarboe.")))
                         (ARM (6)
                          (DECISION 17 ""))) (DECISION _ "Default")))
 (17 (CASE (VAR "verb") ((ARM (0)
                          (DECISION _ "Yuck! What a horrible suggestion."))
                         (ARM (1)
                          (DECISION _ "Jarboe slaps you in the face, and you stagger back. ~Cut it out, you pathetic girl!~ he shouts. You start to cry, and the tears run down your cheeks."))
                         (ARM (23)
                          (DECISION _ "Jarboe knocks your offering aside contemptuously."))
                         (ARM (4)
                          (DECISION _ "~Shut up!~ growls Jarboe."))
                         (ARM (5)
                          (IF (EQUALS (VAR "location") 0)
                            (DECISION _ "~Aha! What have we here, then?~ Jarboe shouts exultantly.")
                            ()
                            (DECISION _ "~Rats!~ growls Jarboe.")))
                         (ARM (6)
                          (DECISION 18 ""))) (DECISION _ "Default")))
 (18 (CASE (VAR "verb") ((ARM (0)
                          (DECISION _ "Yuck! What a horrible suggestion."))
                         (ARM (1)
                          (DECISION _ "Jarboe slaps you in the face, and you stagger back. ~Cut it out, you pathetic girl!~ he shouts. You start to cry, and the tears run down your cheeks."))
                         (ARM (23)
                          (DECISION _ "Jarboe knocks your offering aside contemptuously."))
                         (ARM (4)
                          (DECISION _ "~Shut up!~ growls Jarboe."))
                         (ARM (5)
                          (IF (EQUALS (VAR "location") 0)
                            (DECISION _ "~Aha! What have we here, then?~ Jarboe shouts exultantly.")
                            ()
                            (DECISION _ "~Rats!~ growls Jarboe.")))
                         (ARM (6)
                          (DECISION 19 ""))) (DECISION _ "Default")))
 (19 (CASE (VAR "verb") ((ARM (0)
                          (DECISION _ "Yuck! What a horrible suggestion."))
                         (ARM (1)
                          (DECISION _ "Jarboe slaps you in the face, and you stagger back. ~Cut it out, you pathetic girl!~ he shouts. You start to cry, and the tears run down your cheeks."))
                         (ARM (23)
                          (DECISION _ "Jarboe knocks your offering aside contemptuously."))
                         (ARM (4)
                          (DECISION _ "~Shut up!~ growls Jarboe."))
                         (ARM (5)
                          (IF (EQUALS (VAR "location") 0)
                            (DECISION _ "~Aha! What have we here, then?~ Jarboe shouts exultantly.")
                            ()
                            (DECISION _ "~Rats!~ growls Jarboe.")))
                         (ARM (6)
                          (DECISION 20 ""))) (DECISION _ "Default")))
 (20 (CASE (VAR "verb") ((ARM (0)
                          (DECISION _ "Yuck! What a horrible suggestion."))
                         (ARM (1)
                          (DECISION _ "Jarboe slaps you in the face, and you stagger back. ~Cut it out, you pathetic girl!~ he shouts. You start to cry, and the tears run down your cheeks."))
                         (ARM (23)
                          (DECISION _ "Jarboe knocks your offering aside contemptuously."))
                         (ARM (4)
                          (DECISION _ "~Shut up!~ growls Jarboe."))
                         (ARM (5)
                          (IF (EQUALS (VAR "location") 0)
                            (DECISION _ "~Aha! What have we here, then?~ Jarboe shouts exultantly.")
                            ()
                            (DECISION _ "~Rats!~ growls Jarboe.")))
                         (ARM (6)
                          (DECISION 21 ""))) (DECISION _ "Default")))
 (21 (CASE (VAR "verb") ((ARM (0)
                          (DECISION _ "Yuck! What a horrible suggestion."))
                         (ARM (1)
                          (DECISION _ "Jarboe slaps you in the face, and you stagger back. ~Cut it out, you pathetic girl!~ he shouts. You start to cry, and the tears run down your cheeks."))
                         (ARM (23)
                          (DECISION _ "Jarboe knocks your offering aside contemptuously."))
                         (ARM (4)
                          (DECISION _ "~Shut up!~ growls Jarboe."))
                         (ARM (5)
                          (IF (EQUALS (VAR "location") 0)
                            (DECISION _ "~Aha! What have we here, then?~ Jarboe shouts exultantly.")
                            ()
                            (DECISION _ "~Rats!~ growls Jarboe.")))
                         (ARM (6)
                          (DECISION 22 "Jarboe unlocks the door to B4, walks through it, and shuts it."))) (DECISION _ "Default")))
 (22 (CASE (VAR "verb") ((ARM (0)
                          (DECISION _ "Yuck! What a horrible suggestion."))
                         (ARM (1)
                          (DECISION _ "Jarboe slaps you in the face, and you stagger back. ~Cut it out, you pathetic girl!~ he shouts. You start to cry, and the tears run down your cheeks."))
                         (ARM (23)
                          (DECISION _ "Jarboe knocks your offering aside contemptuously."))
                         (ARM (4)
                          (DECISION _ "~Shut up!~ growls Jarboe."))
                         (ARM (5)
                          (IF (EQUALS (VAR "location") 0)
                            (DECISION _ "~Aha! What have we here, then?~ Jarboe shouts exultantly.")
                            ()
                            (DECISION _ "~Rats!~ growls Jarboe.")))
                         (ARM (6)
                          (DECISION 23 ""))) (DECISION _ "Default")))
 (23 (CASE (VAR "verb") ((ARM (0)
                          (DECISION _ "Yuck! What a horrible suggestion."))
                         (ARM (1)
                          (DECISION _ "Jarboe slaps you in the face, and you stagger back. ~Cut it out, you pathetic girl!~ he shouts. You start to cry, and the tears run down your cheeks."))
                         (ARM (23)
                          (DECISION _ "Jarboe knocks your offering aside contemptuously."))
                         (ARM (4)
                          (DECISION _ "~Shut up!~ growls Jarboe."))
                         (ARM (5)
                          (IF (EQUALS (VAR "location") 0)
                            (DECISION _ "~Aha! What have we here, then?~ Jarboe shouts exultantly.")
                            ()
                            (DECISION _ "~Rats!~ growls Jarboe.")))
                         (ARM (6)
                          (DECISION 1 "Bungay unlocks the door to C3, walks through it, and shuts it.  You here him locking it."))) (DECISION _ "Default"))))
old size: 1616
new size: 1066
delta:550 (34.03465346534654% reduction)
