((0 (IF (AND (EQUALS (VAR "mod_at_0") 2)
             (EQUALS (VAR "r_m_at_0") 4)
             (EQUALS (VAR "index_at_8") 5))
      (DECISION _ "Found instruction E")
      ((ELSEIF (AND (EQUALS (VAR "mod_at_0") 2)
                    (EQUALS (VAR "r_m_at_0") 4)
                    (EQUALS (VAR "index_at_8") 0))
         (DECISION _ "Found instruction E"))
       (ELSEIF (AND (EQUALS (VAR "mod_at_0") 0)
                    (EQUALS (VAR "r_m_at_0") 4)
                    (EQUALS (VAR "base_at_8") 5)
                    (EQUALS (VAR "index_at_8") 5))
         (DECISION _ "Found instruction E"))
       (ELSEIF (AND (EQUALS (VAR "mod_at_0") 0)
                    (EQUALS (VAR "r_m_at_0") 4)
                    (EQUALS (VAR "base_at_8") 5)
                    (EQUALS (VAR "index_at_8") 0))
         (DECISION _ "Found instruction E"))
       (ELSEIF (AND (EQUALS (VAR "mod_at_0") 1)
                    (EQUALS (VAR "r_m_at_0") 4)
                    (EQUALS (VAR "index_at_8") 5))
         (DECISION _ "Found instruction E"))
       (ELSEIF (AND (EQUALS (VAR "mod_at_0") 1)
                    (EQUALS (VAR "r_m_at_0") 4)
                    (EQUALS (VAR "index_at_8") 0))
         (DECISION _ "Found instruction E"))
       (ELSEIF (AND (EQUALS (VAR "mod_at_0") 0)
                    (EQUALS (VAR "r_m_at_0") 4)
                    (EQUALS (VAR "base_at_8") 6)
                    (EQUALS (VAR "index_at_8") 5))
         (DECISION _ "Found instruction E"))
       (ELSEIF (AND (EQUALS (VAR "mod_at_0") 0)
                    (EQUALS (VAR "r_m_at_0") 4)
                    (EQUALS (VAR "base_at_8") 6)
                    (EQUALS (VAR "index_at_8") 0))
         (DECISION _ "Found instruction E"))
       (ELSEIF (AND (EQUALS (VAR "mod_at_0") 0)
                    (EQUALS (VAR "r_m_at_0") 4)
                    (EQUALS (VAR "base_at_8") 0)
                    (EQUALS (VAR "index_at_8") 5))
         (DECISION _ "Found instruction E"))
       (ELSEIF (AND (EQUALS (VAR "mod_at_0") 0)
                    (EQUALS (VAR "r_m_at_0") 4)
                    (EQUALS (VAR "base_at_8") 0)
                    (EQUALS (VAR "index_at_8") 0))
         (DECISION _ "Found instruction E"))
       (ELSEIF (AND (EQUALS (VAR "mod_at_0") 2)
                    (EQUALS (VAR "r_m_at_0") 5))
         (DECISION _ "Found instruction E"))
       (ELSEIF (AND (EQUALS (VAR "mod_at_0") 2)
                    (EQUALS (VAR "r_m_at_0") 0))
         (DECISION _ "Found instruction E"))
       (ELSEIF (AND (EQUALS (VAR "mod_at_0") 1)
                    (EQUALS (VAR "r_m_at_0") 5))
         (DECISION _ "Found instruction E"))
       (ELSEIF (AND (EQUALS (VAR "mod_at_0") 1)
                    (EQUALS (VAR "r_m_at_0") 0))
         (DECISION _ "Found instruction E"))
       (ELSEIF (AND (EQUALS (VAR "mod_at_0") 0)
                    (EQUALS (VAR "r_m_at_0") 6))
         (DECISION _ "Found instruction E"))
       (ELSEIF (AND (EQUALS (VAR "mod_at_0") 0)
                    (EQUALS (VAR "r_m_at_0") 0))
         (DECISION _ "Found instruction E"))
       (ELSEIF (AND (EQUALS (VAR "mod_at_0") 3))
         (DECISION _ "Found instruction Reg"))
       (ELSEIF (AND (EQUALS (VAR "r_m_at_0") 5)
                    (EQUALS (VAR "mod_at_0") 0))
         (DECISION _ "Found instruction Abs32")))
      (DECISION 1 "Did not find an instruction"))))
old size: 382
new size: 364
delta:18 (4.712041884816754% reduction)
