((0 1 (IF (AND (EQUALS (VAR "self in") 17)
               (EQUALS (VAR "self.proper") 1)
               (EQUALS (VAR "verb") 0)
               (EQUALS (VAR "state") 0))
        (DECISION _ "Turmeric is sitting on a bee-keeper's veil")
        ((ELSEIF (AND (EQUALS (VAR "self.proper") 1)
                      (EQUALS (VAR "verb") 0)
                      (EQUALS (VAR "state") 0))
           (DECISION _ "Turmeric sits here."))
         (ELSEIF (AND (EQUALS (VAR "self in") 17)
                      (EQUALS (VAR "verb") 0)
                      (EQUALS (VAR "state") 0))
           (DECISION _ "An old moggy is sitting on a bee-keeper's veil"))
         (ELSEIF (AND (EQUALS (VAR "verb") 0)
                      (EQUALS (VAR "state") 0))
           (DECISION _ "An old moggy sits here."))
         (ELSEIF (AND (EQUALS (VAR "self in") 17)
                      (EQUALS (VAR "verb") 18)
                      (EQUALS (VAR "state") 0))
           (DECISION _ "This is a fat and contented ginger tom. A portion of his left ear is missing and he has a scar on his nose. He is sitting on a bee-keeper's veil."))
         (ELSEIF (AND (EQUALS (VAR "verb") 18)
                      (EQUALS (VAR "state") 0))
           (DECISION _ "This is a fat and contented ginger tom. A portion of his left ear is missing and he has a scar on his nose."))
         (ELSEIF (AND (EQUALS (VAR "verb") 29)
                      (EQUALS (VAR "state") 0))
           (DECISION _ "It's probably safe to say that the cat does not intend to obey you."))
         (ELSEIF (AND (EQUALS (VAR "state") 0))
           (DECISION _ ""))
         (ELSEIF (AND (EQUALS (VAR "verb") 3)
                      (EQUALS (VAR "state") 1))
           (DECISION 1 "The cat hisses at you, and you decide that inaction is the best course of action."))
         (ELSEIF (AND (EQUALS (VAR "verb") 2)
                      (EQUALS (VAR "state") 1))
           (DECISION 1 "The cat hisses at you, and you decide that inaction is the best course of action."))
         (ELSEIF (AND (EQUALS (VAR "noun has Vessel") 1)
                      (EQUALS (VAR "noun has Open") 1)
                      (EQUALS (VAR "noun has Liquid") 1)
                      (EQUALS (VAR "verb") 4)
                      (EQUALS (VAR "state") 1))
           (DECISION 1 "You hurl the liquid at the cat, who howls in horror and flees like lightning."))
         (ELSEIF (AND (EQUALS (VAR "verb") 4)
                      (EQUALS (VAR "state") 1))
           (DECISION 1 "The cat sniffs, then turns up his nose at your offering."))
         (ELSEIF (AND (EQUALS (VAR "verb") 19)
                      (EQUALS (VAR "state") 1))
           (DECISION 1 "The cat refuses to let you pick him up."))
         (ELSEIF (AND (EQUALS (VAR "verb") 20)
                      (EQUALS (VAR "state") 1))
           (DECISION 1 "The cat swipes at you angrily with his claw. This is clearly not a cat who takes kindly to being fussed over."))
         (ELSEIF (AND (EQUALS (VAR "verb") 21)
                      (EQUALS (VAR "state") 1))
           (DECISION 1 "The cat swipes at you angrily with his claw. This is clearly not a cat who takes kindly to being fussed over."))
         (ELSEIF (AND (EQUALS (VAR "verb") 22)
                      (EQUALS (VAR "state") 1))
           (DECISION 1 "The cat swipes at you angrily with his claw. This is clearly not a cat who takes kindly to being fussed over."))
         (ELSEIF (AND (EQUALS (VAR "verb") 23)
                      (EQUALS (VAR "state") 1))
           (DECISION 1 "The cat swipes at you angrily with his claw. This is clearly not a cat who takes kindly to being fussed over."))
         (ELSEIF (AND (EQUALS (VAR "verb") 24)
                      (EQUALS (VAR "state") 1))
           (DECISION 1 "The cat swipes at you angrily with his claw. This is clearly not a cat who takes kindly to being fussed over."))
         (ELSEIF (AND (EQUALS (VAR "verb") 25)
                      (EQUALS (VAR "state") 1))
           (DECISION 1 "The cat swipes at you angrily with his claw. This is clearly not a cat who takes kindly to being fussed over."))
         (ELSEIF (AND (EQUALS (VAR "self.proper") 1)
                      (EQUALS (VAR "verb") 26)
                      (EQUALS (VAR "state") 1))
           (DECISION _ "Turmeric"))
         (ELSEIF (AND (EQUALS (VAR "verb") 26)
                      (EQUALS (VAR "state") 1))
           (DECISION _ "cat"))
         (ELSEIF (AND (EQUALS (VAR "self in") 17)
                      (EQUALS (VAR "verb") 27)
                      (EQUALS (VAR "state") 1))
           (DECISION _ ""))
         (ELSEIF (AND (EQUALS (VAR "random") 1)
                      (EQUALS (VAR "verb") 27)
                      (EQUALS (VAR "state") 1))
           (DECISION _ ""))
         (ELSEIF (AND (EQUALS (VAR "parent") 30)
                      (EQUALS (VAR "verb") 27)
                      (EQUALS (VAR "state") 1))
           (DECISION 99 "northeast to SecondCourt"))
         (ELSEIF (AND (EQUALS (VAR "parent") 31)
                      (EQUALS (VAR "verb") 27)
                      (EQUALS (VAR "state") 1))
           (DECISION 99 "southeast to SecondCourt"))
         (ELSEIF (AND (EQUALS (VAR "random") 1)
                      (EQUALS (VAR "parent") 32)
                      (EQUALS (VAR "verb") 27)
                      (EQUALS (VAR "state") 1))
           (DECISION 99 "southwest to GreatHall"))
         (ELSEIF (AND (EQUALS (VAR "random") 2)
                      (EQUALS (VAR "parent") 32)
                      (EQUALS (VAR "verb") 27)
                      (EQUALS (VAR "state") 1))
           (DECISION 99 "east to StairGround"))
         (ELSEIF (AND (EQUALS (VAR "random") 3)
                      (EQUALS (VAR "parent") 32)
                      (EQUALS (VAR "verb") 27)
                      (EQUALS (VAR "state") 1))
           (DECISION 99 "northwest to AnteChapel"))
         (ELSEIF (AND (EQUALS (VAR "parent") 32)
                      (EQUALS (VAR "verb") 27)
                      (EQUALS (VAR "state") 1))
           (DECISION 99 "northeast to Gardens"))
         (ELSEIF (AND (EQUALS (VAR "parent") 33)
                      (EQUALS (VAR "verb") 27)
                      (EQUALS (VAR "state") 1))
           (DECISION 99 "west to SecondCourt"))
         (ELSEIF (AND (EQUALS (VAR "verb") 27)
                      (EQUALS (VAR "state") 1))
           (DECISION 1 "** Error: cat not where it should be **"))
         (ELSEIF (AND (EQUALS (VAR "parrothere") 1)
                      (EQUALS (VAR "verb") 28)
                      (EQUALS (VAR "state") 1))
           (DECISION _ "The cat hisses at the parrot, which squawks loudly in return, knowing that it is safe on its perch."))
         (ELSEIF (AND (EQUALS (VAR "random") 1)
                      (EQUALS (VAR "verb") 28)
                      (EQUALS (VAR "state") 1))
           (DECISION _ "The cat meows."))
         (ELSEIF (AND (EQUALS (VAR "random") 2)
                      (EQUALS (VAR "verb") 28)
                      (EQUALS (VAR "state") 1))
           (DECISION _ "The cat stretches lazily."))
         (ELSEIF (AND (EQUALS (VAR "random") 3)
                      (EQUALS (VAR "verb") 28)
                      (EQUALS (VAR "state") 1))
           (DECISION _ "The cat washes himself."))
         (ELSEIF (AND (EQUALS (VAR "random") 4)
                      (EQUALS (VAR "verb") 28)
                      (EQUALS (VAR "state") 1))
           (DECISION _ "The cat purrs loudly."))
         (ELSEIF (AND (EQUALS (VAR "random") 5)
                      (EQUALS (VAR "verb") 28)
                      (EQUALS (VAR "state") 1))
           (DECISION _ "The cat rubs his head against your legs."))
         (ELSEIF (AND (EQUALS (VAR "random") 6)
                      (EQUALS (VAR "verb") 28)
                      (EQUALS (VAR "state") 1))
           (DECISION _ "The cat scratches his ears."))
         (ELSEIF (AND (EQUALS (VAR "random") 7)
                      (EQUALS (VAR "verb") 28)
                      (EQUALS (VAR "state") 1))
           (DECISION _ "The cat rolls around in the dust."))
         (ELSEIF (AND (EQUALS (VAR "verb") 28)
                      (EQUALS (VAR "state") 1))
           (DECISION _ ""))
         (ELSEIF (AND (EQUALS (VAR "state") 1))
           (DECISION _ "")))
        (DECISION _ ""))))
old size: 799
new size: 799
delta:0 (0.0% reduction)
