((0 (IF (AND (EQUALS (VAR "*") 0))
      (DECISION _ "matched default attribute of Direct(addr) with addr at *.0")
      ((ELSEIF (AND (EQUALS (VAR "*") 0)
                    (EQUALS (VAR "*.0") 7)
                    (EQUALS (VAR "*.0.2") 7)
                    (EQUALS (VAR "*.0.2.2") 1023)
                    (EQUALS (VAR "*.0.2.1") 7)
                    (EQUALS (VAR "*.0.2.1.2") 0)
                    (EQUALS (VAR "*.0.2.1.2.0") 99)
                    (EQUALS (VAR "*.0.2.1.1") 7)
                    (EQUALS (VAR "*.0.2.1.1.1.1") 1)
                    (EQUALS (VAR "*.0.2.1.1.1.1.0") 1)
                    (EQUALS (VAR "*.0.2.1.1.1.0") 6)
                    (EQUALS (VAR "*.0.2.1.1.0") 2)
                    (EQUALS (VAR "*.0.2.1.1.0.1") 32)
                    (EQUALS (VAR "*.0.2.1.1.0.0") 5)
                    (EQUALS (VAR "*.0.2.1.0") 2)
                    (EQUALS (VAR "*.0.2.1.0.1") 99)
                    (EQUALS (VAR "*.0.2.1.0.0") 4)
                    (EQUALS (VAR "*.0.2.0") 2)
                    (EQUALS (VAR "*.0.2.0.1") 99)
                    (EQUALS (VAR "*.0.2.0.0") 3)
                    (EQUALS (VAR "*.0.0") 2)
                    (EQUALS (VAR "*.0.0.1") 10)
                    (EQUALS (VAR "*.0.0.0") 1))
         (DECISION _ "matched default attribute of Indirect(addr) with addr at *.0.1"))
       (ELSEIF (AND (EQUALS (VAR "*") 0)
                    (EQUALS (VAR "*.1") 7)
                    (EQUALS (VAR "*.1.2") 7)
                    (EQUALS (VAR "*.1.2.2") 1)
                    (EQUALS (VAR "*.1.2.2.0") 32)
                    (EQUALS (VAR "*.1.2.1") 7)
                    (EQUALS (VAR "*.1.2.1.1.1") 1)
                    (EQUALS (VAR "*.1.2.1.1.1.0") 1)
                    (EQUALS (VAR "*.1.2.1.1.0") 6)
                    (EQUALS (VAR "*.1.2.1.0") 2)
                    (EQUALS (VAR "*.1.2.1.0.1") 32)
                    (EQUALS (VAR "*.1.2.1.0.0") 5)
                    (EQUALS (VAR "*.1.2.0") 2)
                    (EQUALS (VAR "*.1.2.0.1") 32)
                    (EQUALS (VAR "*.1.2.0.0") 1)
                    (EQUALS (VAR "*.1.1.1") 1)
                    (EQUALS (VAR "*.1.1.1.0") 1)
                    (EQUALS (VAR "*.1.1.0") 6)
                    (EQUALS (VAR "*.1.0") 2)
                    (EQUALS (VAR "*.1.0.1") 32)
                    (EQUALS (VAR "*.0") 7)
                    (EQUALS (VAR "*.0.2") 7)
                    (EQUALS (VAR "*.0.2.2") 1023)
                    (EQUALS (VAR "*.0.2.1") 7)
                    (EQUALS (VAR "*.0.2.1.2") 0)
                    (EQUALS (VAR "*.0.2.1.2.0") 99)
                    (EQUALS (VAR "*.0.2.1.1") 7)
                    (EQUALS (VAR "*.0.2.1.1.1.1") 1)
                    (EQUALS (VAR "*.0.2.1.1.1.1.0") 1)
                    (EQUALS (VAR "*.0.2.1.1.1.0") 6)
                    (EQUALS (VAR "*.0.2.1.1.0") 2)
                    (EQUALS (VAR "*.0.2.1.1.0.1") 32)
                    (EQUALS (VAR "*.0.2.1.1.0.0") 5)
                    (EQUALS (VAR "*.0.2.1.0") 2)
                    (EQUALS (VAR "*.0.2.1.0.1") 99)
                    (EQUALS (VAR "*.0.2.1.0.0") 4)
                    (EQUALS (VAR "*.0.2.0") 2)
                    (EQUALS (VAR "*.0.2.0.1") 99)
                    (EQUALS (VAR "*.0.2.0.0") 3)
                    (EQUALS (VAR "*.0.0") 2)
                    (EQUALS (VAR "*.0.0.1") 10)
                    (EQUALS (VAR "*.0.0.0") 1))
         (DECISION _ "matched default attribute of Inc(addr) with addr at *.0.1"))
       (ELSEIF (AND (EQUALS (VAR "*") 0)
                    (EQUALS (VAR "*.1") 7)
                    (EQUALS (VAR "*.1.2") 7)
                    (EQUALS (VAR "*.1.2.2") 1)
                    (EQUALS (VAR "*.1.2.2.0") 32)
                    (EQUALS (VAR "*.1.2.1") 7)
                    (EQUALS (VAR "*.1.2.1.1.1") 1)
                    (EQUALS (VAR "*.1.2.1.1.1.0") 1)
                    (EQUALS (VAR "*.1.2.1.1.0") 6)
                    (EQUALS (VAR "*.1.2.1.0") 2)
                    (EQUALS (VAR "*.1.2.1.0.1") 32)
                    (EQUALS (VAR "*.1.2.1.0.0") 5)
                    (EQUALS (VAR "*.1.2.0") 2)
                    (EQUALS (VAR "*.1.2.0.1") 32)
                    (EQUALS (VAR "*.1.2.0.0") 8)
                    (EQUALS (VAR "*.1.1.1") 1)
                    (EQUALS (VAR "*.1.1.1.0") 1)
                    (EQUALS (VAR "*.1.1.0") 6)
                    (EQUALS (VAR "*.1.0") 2)
                    (EQUALS (VAR "*.1.0.1") 32)
                    (EQUALS (VAR "*.0") 7)
                    (EQUALS (VAR "*.0.2") 1)
                    (EQUALS (VAR "*.0.2.0") 10)
                    (EQUALS (VAR "*.0.1") 7)
                    (EQUALS (VAR "*.0.1.2") 7)
                    (EQUALS (VAR "*.0.1.2.2") 1023)
                    (EQUALS (VAR "*.0.1.2.1") 7)
                    (EQUALS (VAR "*.0.1.2.1.2") 0)
                    (EQUALS (VAR "*.0.1.2.1.2.0") 99)
                    (EQUALS (VAR "*.0.1.2.1.1") 7)
                    (EQUALS (VAR "*.0.1.2.1.1.1.1") 1)
                    (EQUALS (VAR "*.0.1.2.1.1.1.1.0") 1)
                    (EQUALS (VAR "*.0.1.2.1.1.1.0") 6)
                    (EQUALS (VAR "*.0.1.2.1.1.0") 2)
                    (EQUALS (VAR "*.0.1.2.1.1.0.1") 32)
                    (EQUALS (VAR "*.0.1.2.1.1.0.0") 5)
                    (EQUALS (VAR "*.0.1.2.1.0") 2)
                    (EQUALS (VAR "*.0.1.2.1.0.1") 99)
                    (EQUALS (VAR "*.0.1.2.1.0.0") 4)
                    (EQUALS (VAR "*.0.1.2.0") 2)
                    (EQUALS (VAR "*.0.1.2.0.1") 99)
                    (EQUALS (VAR "*.0.1.2.0.0") 3)
                    (EQUALS (VAR "*.0.1.0") 2)
                    (EQUALS (VAR "*.0.1.0.1") 10)
                    (EQUALS (VAR "*.0.1.0.0") 1)
                    (EQUALS (VAR "*.0.0") 2)
                    (EQUALS (VAR "*.0.0.1") 10)
                    (EQUALS (VAR "*.0.0.0") 8))
         (DECISION _ "matched default attribute of Dec(addr) with addr at *.0.1.1"))
       (ELSEIF (AND (EQUALS (VAR "*") 7)
                    (EQUALS (VAR "*.2") 7)
                    (EQUALS (VAR "*.2.1") 7)
                    (EQUALS (VAR "*.2.1.1.1") 0)
                    (EQUALS (VAR "*.2.1.1.1.0") 1)
                    (EQUALS (VAR "*.2.1.1.0") 6)
                    (EQUALS (VAR "*.2.1.0") 2)
                    (EQUALS (VAR "*.2.1.0.1") 32)
                    (EQUALS (VAR "*.2.1.0.0") 5)
                    (EQUALS (VAR "*.2.0") 2)
                    (EQUALS (VAR "*.2.0.1") 32)
                    (EQUALS (VAR "*.2.0.0") 9)
                    (EQUALS (VAR "*.1.1") 0)
                    (EQUALS (VAR "*.1.1.0") 1)
                    (EQUALS (VAR "*.1.0") 6)
                    (EQUALS (VAR "*.0") 2)
                    (EQUALS (VAR "*.0.1") 32))
         (DECISION _ "matched default attribute of NEG()"))
       (ELSEIF (AND (EQUALS (VAR "*.1") 7)
                    (EQUALS (VAR "*.1.2") 7)
                    (EQUALS (VAR "*.1.2.2") 7)
                    (EQUALS (VAR "*.1.2.2.1.1") 12)
                    (EQUALS (VAR "*.1.2.2.1.0") 11)
                    (EQUALS (VAR "*.1.2.2.0") 2)
                    (EQUALS (VAR "*.1.2.2.0.1") 32)
                    (EQUALS (VAR "*.1.2.2.0.0") 5)
                    (EQUALS (VAR "*.1.2.1") 7)
                    (EQUALS (VAR "*.1.2.1.1.1") 0)
                    (EQUALS (VAR "*.1.2.1.1.1.0") 1)
                    (EQUALS (VAR "*.1.2.1.1.0") 6)
                    (EQUALS (VAR "*.1.2.1.0") 2)
                    (EQUALS (VAR "*.1.2.1.0.1") 32)
                    (EQUALS (VAR "*.1.2.1.0.0") 5)
                    (EQUALS (VAR "*.1.2.0") 2)
                    (EQUALS (VAR "*.1.2.0.1") 32)
                    (EQUALS (VAR "*.1.2.0.0") 1)
                    (EQUALS (VAR "*.1.1.1") 0)
                    (EQUALS (VAR "*.1.1.1.0") 1)
                    (EQUALS (VAR "*.1.1.0") 6)
                    (EQUALS (VAR "*.1.0") 2)
                    (EQUALS (VAR "*.1.0.1") 32)
                    (EQUALS (VAR "*.0") 10))
         (DECISION _ "matched default attribute of ADD(address) with address at *.1.2.2.1.1.0, address1 at *.0.0")))
      (DECISION 1 "did not match default attribute"))))
old size: 952
new size: 952
delta:0 (0.0% reduction)
